  ApproveCmd.cpp
D:\УНИ\2 сем\ООП\proekt\BankSystem2\Task\Task.h(18,9): error C2079: 'Task::client' uses undefined class 'Client'
D:\УНИ\2 сем\ООП\proekt\BankSystem2\Task\Task.h(22,48): error C2027: use of undefined type 'Client'
D:\УНИ\2 сем\ООП\proekt\BankSystem2\Task\Task.h(5,7): message : see declaration of 'Client'
D:\УНИ\2 сем\ООП\proekt\BankSystem2\Task\Task.h(22,6): error C2439: 'Task::client': member could not be initialized
D:\УНИ\2 сем\ООП\proekt\BankSystem2\Task\Task.h(18,9): message : see declaration of 'Task::client'
D:\УНИ\2 сем\ООП\proekt\BankSystem2\Task\Task.h(37,9): error C2027: use of undefined type 'Client'
D:\УНИ\2 сем\ООП\proekt\BankSystem2\Task\Task.h(5,7): message : see declaration of 'Client'
D:\УНИ\2 сем\ООП\proekt\BankSystem2\Bank\Bank.h(28,52): error C2059: syntax error: ')'
D:\УНИ\2 сем\ООП\proekt\BankSystem2\Bank\Bank.h(28,53): error C2143: syntax error: missing ')' before ';'
D:\УНИ\2 сем\ООП\proekt\BankSystem2\User\UserFactory.h(9,26): error C2027: use of undefined type 'Client'
D:\УНИ\2 сем\ООП\proekt\BankSystem2\Bank\Bank.h(12,7): message : see declaration of 'Client'
D:\УНИ\2 сем\ООП\proekt\BankSystem2\Commands\ClientCommands\OpenCmd.h(4,23): error C2504: 'Command': base class undefined
D:\УНИ\2 сем\ООП\proekt\BankSystem2\Commands\ClientCommands\OpenCmd.h(8,9): error C2079: 'OpenCmd::c' uses undefined class 'Client'
D:\УНИ\2 сем\ООП\proekt\BankSystem2\Commands\ClientCommands\OpenCmd.h(11,7): error C3668: 'OpenCmd::execute': method with override specifier 'override' did not override any base class methods
D:\УНИ\2 сем\ООП\proekt\BankSystem2\Commands\EmployeeCommands\TasksCmd.h(4,24): error C2504: 'Command': base class undefined
D:\УНИ\2 сем\ООП\proekt\BankSystem2\Commands\EmployeeCommands\TasksCmd.h(10,7): error C3668: 'TasksCmd::execute': method with override specifier 'override' did not override any base class methods
  Bank.cpp
D:\УНИ\2 сем\ООП\proekt\BankSystem2\Task\Task.h(18,9): error C2079: 'Task::client' uses undefined class 'Client'
D:\УНИ\2 сем\ООП\proekt\BankSystem2\Task\Task.h(22,48): error C2027: use of undefined type 'Client'
D:\УНИ\2 сем\ООП\proekt\BankSystem2\Task\Task.h(5,7): message : see declaration of 'Client'
D:\УНИ\2 сем\ООП\proekt\BankSystem2\Task\Task.h(22,6): error C2439: 'Task::client': member could not be initialized
D:\УНИ\2 сем\ООП\proekt\BankSystem2\Task\Task.h(18,9): message : see declaration of 'Task::client'
D:\УНИ\2 сем\ООП\proekt\BankSystem2\Task\Task.h(37,9): error C2027: use of undefined type 'Client'
D:\УНИ\2 сем\ООП\proekt\BankSystem2\Task\Task.h(5,7): message : see declaration of 'Client'
D:\УНИ\2 сем\ООП\proekt\BankSystem2\User\UserFactory.h(9,26): error C2027: use of undefined type 'Client'
D:\УНИ\2 сем\ООП\proekt\BankSystem2\Task\Task.h(5,7): message : see declaration of 'Client'
D:\УНИ\2 сем\ООП\proekt\BankSystem2\Commands\ClientCommands\OpenCmd.h(8,9): error C2079: 'OpenCmd::c' uses undefined class 'Client'
D:\УНИ\2 сем\ООП\proekt\BankSystem2\Bank\Bank.h(28,52): error C2059: syntax error: ')'
D:\УНИ\2 сем\ООП\proekt\BankSystem2\Bank\Bank.h(28,53): error C2143: syntax error: missing ')' before ';'
D:\УНИ\2 сем\ООП\proekt\BankSystem2\Bank\Bank.cpp(24,43): error C2661: 'ChangeTask::ChangeTask': no overloaded function takes 2 arguments
D:\УНИ\2 сем\ООП\proekt\BankSystem2\Bank\Bank.cpp(24,43): message : while trying to match the argument list '(int, const Client)'
  BankSystem2.cpp
D:\УНИ\2 сем\ООП\proekt\BankSystem2\Task\Task.h(18,9): error C2079: 'Task::client' uses undefined class 'Client'
D:\УНИ\2 сем\ООП\proekt\BankSystem2\Task\Task.h(22,48): error C2027: use of undefined type 'Client'
D:\УНИ\2 сем\ООП\proekt\BankSystem2\Task\Task.h(5,7): message : see declaration of 'Client'
D:\УНИ\2 сем\ООП\proekt\BankSystem2\Task\Task.h(22,6): error C2439: 'Task::client': member could not be initialized
D:\УНИ\2 сем\ООП\proekt\BankSystem2\Task\Task.h(18,9): message : see declaration of 'Task::client'
D:\УНИ\2 сем\ООП\proekt\BankSystem2\Task\Task.h(37,9): error C2027: use of undefined type 'Client'
D:\УНИ\2 сем\ООП\proekt\BankSystem2\Task\Task.h(5,7): message : see declaration of 'Client'
D:\УНИ\2 сем\ООП\proekt\BankSystem2\Bank\Bank.h(28,52): error C2059: syntax error: ')'
D:\УНИ\2 сем\ООП\proekt\BankSystem2\Bank\Bank.h(28,53): error C2143: syntax error: missing ')' before ';'
D:\УНИ\2 сем\ООП\proekt\BankSystem2\User\UserFactory.h(9,26): error C2027: use of undefined type 'Client'
D:\УНИ\2 сем\ООП\proekt\BankSystem2\Bank\Bank.h(12,7): message : see declaration of 'Client'
D:\УНИ\2 сем\ООП\proekt\BankSystem2\Commands\ClientCommands\OpenCmd.h(8,9): error C2079: 'OpenCmd::c' uses undefined class 'Client'
  ChangeCmd.cpp
D:\УНИ\2 сем\ООП\proekt\BankSystem2\Task\Task.h(18,9): error C2079: 'Task::client' uses undefined class 'Client'
D:\УНИ\2 сем\ООП\proekt\BankSystem2\Task\Task.h(22,48): error C2027: use of undefined type 'Client'
D:\УНИ\2 сем\ООП\proekt\BankSystem2\Task\Task.h(5,7): message : see declaration of 'Client'
D:\УНИ\2 сем\ООП\proekt\BankSystem2\Task\Task.h(22,6): error C2439: 'Task::client': member could not be initialized
D:\УНИ\2 сем\ООП\proekt\BankSystem2\Task\Task.h(18,9): message : see declaration of 'Task::client'
D:\УНИ\2 сем\ООП\proekt\BankSystem2\Task\Task.h(37,9): error C2027: use of undefined type 'Client'
D:\УНИ\2 сем\ООП\proekt\BankSystem2\Task\Task.h(5,7): message : see declaration of 'Client'
D:\УНИ\2 сем\ООП\proekt\BankSystem2\Bank\Bank.h(28,52): error C2059: syntax error: ')'
D:\УНИ\2 сем\ООП\proekt\BankSystem2\Bank\Bank.h(28,53): error C2143: syntax error: missing ')' before ';'
D:\УНИ\2 сем\ООП\proekt\BankSystem2\User\UserFactory.h(9,26): error C2027: use of undefined type 'Client'
D:\УНИ\2 сем\ООП\proekt\BankSystem2\Bank\Bank.h(12,7): message : see declaration of 'Client'
D:\УНИ\2 сем\ООП\proekt\BankSystem2\Commands\ClientCommands\OpenCmd.h(4,23): error C2504: 'Command': base class undefined
D:\УНИ\2 сем\ООП\proekt\BankSystem2\Commands\ClientCommands\OpenCmd.h(8,9): error C2079: 'OpenCmd::c' uses undefined class 'Client'
D:\УНИ\2 сем\ООП\proekt\BankSystem2\Commands\ClientCommands\OpenCmd.h(11,7): error C3668: 'OpenCmd::execute': method with override specifier 'override' did not override any base class methods
D:\УНИ\2 сем\ООП\proekt\BankSystem2\Commands\EmployeeCommands\TasksCmd.h(4,24): error C2504: 'Command': base class undefined
D:\УНИ\2 сем\ООП\proekt\BankSystem2\Commands\EmployeeCommands\TasksCmd.h(10,7): error C3668: 'TasksCmd::execute': method with override specifier 'override' did not override any base class methods
D:\УНИ\2 сем\ООП\proekt\BankSystem2\Commands\EmployeeCommands\ApproveCmd.h(4,27): error C2504: 'Command': base class undefined
D:\УНИ\2 сем\ООП\proekt\BankSystem2\Commands\EmployeeCommands\ApproveCmd.h(11,7): error C3668: 'ApproveCmd::execute': method with override specifier 'override' did not override any base class methods
  ChangeTask.cpp
D:\УНИ\2 сем\ООП\proekt\BankSystem2\Employee\Employee.h(10,25): error C2065: 'Task': undeclared identifier
D:\УНИ\2 сем\ООП\proekt\BankSystem2\Employee\Employee.h(10,9): error C2923: 'Polymorphic_Ptr': 'Task' is not a valid template type argument for parameter 'T'
D:\УНИ\2 сем\ООП\proekt\BankSystem2\Employee\Employee.h(10,25): message : see declaration of 'Task'
D:\УНИ\2 сем\ООП\proekt\BankSystem2\Employee\Employee.h(10,9): error C3203: 'Polymorphic_Ptr': unspecialized class template can't be used as a template argument for template parameter 'T', expected a real type
D:\УНИ\2 сем\ООП\proekt\BankSystem2\Employee\Employee.h(17,37): error C2065: 'Task': undeclared identifier
D:\УНИ\2 сем\ООП\proekt\BankSystem2\Employee\Employee.h(17,21): error C2923: 'Polymorphic_Ptr': 'Task' is not a valid template type argument for parameter 'T'
D:\УНИ\2 сем\ООП\proekt\BankSystem2\Employee\Employee.h(17,37): message : see declaration of 'Task'
D:\УНИ\2 сем\ООП\proekt\BankSystem2\Task\OpenTask.h(5,25): error C2504: 'Task': base class undefined
D:\УНИ\2 сем\ООП\proekt\BankSystem2\Task\OpenTask.h(8,10): error C4430: missing type specifier - int assumed. Note: C++ does not support default-int
D:\УНИ\2 сем\ООП\proekt\BankSystem2\Task\OpenTask.h(8,31): error C2143: syntax error: missing ',' before '&'
D:\УНИ\2 сем\ООП\proekt\BankSystem2\Task\OpenTask.h(12,11): error C3646: 'getType': unknown override specifier
D:\УНИ\2 сем\ООП\proekt\BankSystem2\Task\OpenTask.h(12,18): error C2059: syntax error: '('
D:\УНИ\2 сем\ООП\proekt\BankSystem2\Task\OpenTask.h(12,34): error C2238: unexpected token(s) preceding ';'
D:\УНИ\2 сем\ООП\proekt\BankSystem2\Task\OpenTask.h(13,6): error C2143: syntax error: missing ';' before '*'
D:\УНИ\2 сем\ООП\proekt\BankSystem2\Task\OpenTask.h(13,6): error C4430: missing type specifier - int assumed. Note: C++ does not support default-int
D:\УНИ\2 сем\ООП\proekt\BankSystem2\Task\OpenTask.h(13,31): error C2334: unexpected token(s) preceding '{'; skipping apparent function body
D:\УНИ\2 сем\ООП\proekt\BankSystem2\Task\OpenTask.h(9,7): error C3668: 'OpenTask::print': method with override specifier 'override' did not override any base class methods
D:\УНИ\2 сем\ООП\proekt\BankSystem2\Task\OpenTask.h(10,7): error C3668: 'OpenTask::view': method with override specifier 'override' did not override any base class methods
D:\УНИ\2 сем\ООП\proekt\BankSystem2\Task\OpenTask.h(11,7): error C3668: 'OpenTask::execute': method with override specifier 'override' did not override any base class methods
D:\УНИ\2 сем\ООП\proekt\BankSystem2\Task\OpenTask.h(8,47): error C2065: 'cl': undeclared identifier
D:\УНИ\2 сем\ООП\proekt\BankSystem2\Task\OpenTask.h(8,38): error C2614: 'OpenTask': illegal member initialization: 'Task' is not a base or member
D:\УНИ\2 сем\ООП\proekt\BankSystem2\Task\CloseTask.h(4,25): error C2504: 'Task': base class undefined
D:\УНИ\2 сем\ООП\proekt\BankSystem2\Task\CloseTask.h(9,11): error C4430: missing type specifier - int assumed. Note: C++ does not support default-int
D:\УНИ\2 сем\ООП\proekt\BankSystem2\Task\CloseTask.h(9,32): error C2143: syntax error: missing ',' before '&'
D:\УНИ\2 сем\ООП\proekt\BankSystem2\Task\CloseTask.h(11,11): error C3646: 'getType': unknown override specifier
D:\УНИ\2 сем\ООП\proekt\BankSystem2\Task\CloseTask.h(11,18): error C2059: syntax error: '('
D:\УНИ\2 сем\ООП\proekt\BankSystem2\Task\CloseTask.h(11,34): error C2238: unexpected token(s) preceding ';'
D:\УНИ\2 сем\ООП\proekt\BankSystem2\Task\CloseTask.h(12,6): error C2143: syntax error: missing ';' before '*'
D:\УНИ\2 сем\ООП\proekt\BankSystem2\Task\CloseTask.h(12,6): error C4430: missing type specifier - int assumed. Note: C++ does not support default-int
D:\УНИ\2 сем\ООП\proekt\BankSystem2\Task\CloseTask.h(12,31): error C2334: unexpected token(s) preceding '{'; skipping apparent function body
D:\УНИ\2 сем\ООП\proekt\BankSystem2\Task\CloseTask.h(7,7): error C3668: 'CloseTask::print': method with override specifier 'override' did not override any base class methods
D:\УНИ\2 сем\ООП\proekt\BankSystem2\Task\CloseTask.h(8,7): error C3668: 'CloseTask::view': method with override specifier 'override' did not override any base class methods
D:\УНИ\2 сем\ООП\proekt\BankSystem2\Task\CloseTask.h(10,7): error C3668: 'CloseTask::execute': method with override specifier 'override' did not override any base class methods
D:\УНИ\2 сем\ООП\proekt\BankSystem2\Task\CloseTask.h(9,48): error C2065: 'cl': undeclared identifier
D:\УНИ\2 сем\ООП\proekt\BankSystem2\Task\CloseTask.h(9,39): error C2614: 'CloseTask': illegal member initialization: 'Task' is not a base or member
D:\УНИ\2 сем\ООП\proekt\BankSystem2\Bank\Bank.h(21,25): error C2065: 'Task': undeclared identifier
D:\УНИ\2 сем\ООП\proekt\BankSystem2\Bank\Bank.h(21,9): error C2923: 'Polymorphic_Ptr': 'Task' is not a valid template type argument for parameter 'T'
D:\УНИ\2 сем\ООП\proekt\BankSystem2\Bank\Bank.h(21,25): message : see declaration of 'Task'
D:\УНИ\2 сем\ООП\proekt\BankSystem2\Bank\Bank.h(21,9): error C3203: 'Polymorphic_Ptr': unspecialized class template can't be used as a template argument for template parameter 'T', expected a real type
D:\УНИ\2 сем\ООП\proekt\BankSystem2\Bank\Bank.h(26,18): error C2065: 'Task': undeclared identifier
D:\УНИ\2 сем\ООП\proekt\BankSystem2\Bank\Bank.h(26,2): error C2923: 'Polymorphic_Ptr': 'Task' is not a valid template type argument for parameter 'T'
D:\УНИ\2 сем\ООП\proekt\BankSystem2\Bank\Bank.h(26,18): message : see declaration of 'Task'
D:\УНИ\2 сем\ООП\proekt\BankSystem2\Bank\Bank.h(27,18): error C2065: 'Task': undeclared identifier
D:\УНИ\2 сем\ООП\proekt\BankSystem2\Bank\Bank.h(27,2): error C2923: 'Polymorphic_Ptr': 'Task' is not a valid template type argument for parameter 'T'
D:\УНИ\2 сем\ООП\proekt\BankSystem2\Bank\Bank.h(27,18): message : see declaration of 'Task'
D:\УНИ\2 сем\ООП\proekt\BankSystem2\Bank\Bank.h(28,18): error C2065: 'Task': undeclared identifier
D:\УНИ\2 сем\ООП\proekt\BankSystem2\Bank\Bank.h(28,2): error C2923: 'Polymorphic_Ptr': 'Task' is not a valid template type argument for parameter 'T'
D:\УНИ\2 сем\ООП\proekt\BankSystem2\Bank\Bank.h(28,18): message : see declaration of 'Task'
D:\УНИ\2 сем\ООП\proekt\BankSystem2\Bank\Bank.h(28,52): error C2059: syntax error: ')'
D:\УНИ\2 сем\ООП\proekt\BankSystem2\Bank\Bank.h(28,53): error C2143: syntax error: missing ')' before ';'
D:\УНИ\2 сем\ООП\proekt\BankSystem2\Bank\Bank.h(29,38): error C2065: 'Task': undeclared identifier
D:\УНИ\2 сем\ООП\proekt\BankSystem2\Bank\Bank.h(29,22): error C2923: 'Polymorphic_Ptr': 'Task' is not a valid template type argument for parameter 'T'
D:\УНИ\2 сем\ООП\proekt\BankSystem2\Bank\Bank.h(29,38): message : see declaration of 'Task'
D:\УНИ\2 сем\ООП\proekt\BankSystem2\Bank\Bank.h(32,31): error C2065: 'Task': undeclared identifier
D:\УНИ\2 сем\ООП\proekt\BankSystem2\Bank\Bank.h(32,15): error C2923: 'Polymorphic_Ptr': 'Task' is not a valid template type argument for parameter 'T'
D:\УНИ\2 сем\ООП\proekt\BankSystem2\Bank\Bank.h(32,31): message : see declaration of 'Task'
D:\УНИ\2 сем\ООП\proekt\BankSystem2\Bank\Bank.h(32,15): error C3203: 'Polymorphic_Ptr': unspecialized class template can't be used as a template argument for template parameter 'T', expected a real type
D:\УНИ\2 сем\ООП\proekt\BankSystem2\User\UserFactory.h(9,26): error C2027: use of undefined type 'Client'
D:\УНИ\2 сем\ООП\proekt\BankSystem2\Bank\Bank.h(12,7): message : see declaration of 'Client'
D:\УНИ\2 сем\ООП\proekt\BankSystem2\Commands\ClientCommands\OpenCmd.h(8,9): error C2079: 'OpenCmd::c' uses undefined class 'Client'
  CheckAvlCmd.cpp
D:\УНИ\2 сем\ООП\proekt\BankSystem2\Task\Task.h(18,9): error C2079: 'Task::client' uses undefined class 'Client'
D:\УНИ\2 сем\ООП\proekt\BankSystem2\Task\Task.h(22,48): error C2027: use of undefined type 'Client'
D:\УНИ\2 сем\ООП\proekt\BankSystem2\Task\Task.h(5,7): message : see declaration of 'Client'
D:\УНИ\2 сем\ООП\proekt\BankSystem2\Task\Task.h(22,6): error C2439: 'Task::client': member could not be initialized
D:\УНИ\2 сем\ООП\proekt\BankSystem2\Task\Task.h(18,9): message : see declaration of 'Task::client'
D:\УНИ\2 сем\ООП\proekt\BankSystem2\Task\Task.h(37,9): error C2027: use of undefined type 'Client'
D:\УНИ\2 сем\ООП\proekt\BankSystem2\Task\Task.h(5,7): message : see declaration of 'Client'
D:\УНИ\2 сем\ООП\proekt\BankSystem2\Bank\Bank.h(28,52): error C2059: syntax error: ')'
D:\УНИ\2 сем\ООП\proekt\BankSystem2\Bank\Bank.h(28,53): error C2143: syntax error: missing ')' before ';'
D:\УНИ\2 сем\ООП\proekt\BankSystem2\User\UserFactory.h(9,26): error C2027: use of undefined type 'Client'
D:\УНИ\2 сем\ООП\proekt\BankSystem2\Bank\Bank.h(12,7): message : see declaration of 'Client'
D:\УНИ\2 сем\ООП\proekt\BankSystem2\Commands\ClientCommands\OpenCmd.h(4,23): error C2504: 'Command': base class undefined
D:\УНИ\2 сем\ООП\proekt\BankSystem2\Commands\ClientCommands\OpenCmd.h(8,9): error C2079: 'OpenCmd::c' uses undefined class 'Client'
D:\УНИ\2 сем\ООП\proekt\BankSystem2\Commands\ClientCommands\OpenCmd.h(11,7): error C3668: 'OpenCmd::execute': method with override specifier 'override' did not override any base class methods
D:\УНИ\2 сем\ООП\proekt\BankSystem2\Commands\EmployeeCommands\TasksCmd.h(4,24): error C2504: 'Command': base class undefined
D:\УНИ\2 сем\ООП\proekt\BankSystem2\Commands\EmployeeCommands\TasksCmd.h(10,7): error C3668: 'TasksCmd::execute': method with override specifier 'override' did not override any base class methods
D:\УНИ\2 сем\ООП\proekt\BankSystem2\Commands\EmployeeCommands\ApproveCmd.h(4,27): error C2504: 'Command': base class undefined
D:\УНИ\2 сем\ООП\proekt\BankSystem2\Commands\EmployeeCommands\ApproveCmd.h(11,7): error C3668: 'ApproveCmd::execute': method with override specifier 'override' did not override any base class methods
  Client.cpp
D:\УНИ\2 сем\ООП\proekt\BankSystem2\Task\Task.h(18,9): error C2079: 'Task::client' uses undefined class 'Client'
D:\УНИ\2 сем\ООП\proekt\BankSystem2\Task\Task.h(22,48): error C2027: use of undefined type 'Client'
D:\УНИ\2 сем\ООП\proekt\BankSystem2\Task\Task.h(5,7): message : see declaration of 'Client'
D:\УНИ\2 сем\ООП\proekt\BankSystem2\Task\Task.h(22,6): error C2439: 'Task::client': member could not be initialized
D:\УНИ\2 сем\ООП\proekt\BankSystem2\Task\Task.h(18,9): message : see declaration of 'Task::client'
D:\УНИ\2 сем\ООП\proekt\BankSystem2\Task\Task.h(37,9): error C2027: use of undefined type 'Client'
D:\УНИ\2 сем\ООП\proekt\BankSystem2\Task\Task.h(5,7): message : see declaration of 'Client'
D:\УНИ\2 сем\ООП\proekt\BankSystem2\Bank\Bank.h(28,52): error C2059: syntax error: ')'
D:\УНИ\2 сем\ООП\proekt\BankSystem2\Bank\Bank.h(28,53): error C2143: syntax error: missing ')' before ';'
D:\УНИ\2 сем\ООП\proekt\BankSystem2\User\UserFactory.h(9,26): error C2027: use of undefined type 'Client'
D:\УНИ\2 сем\ООП\proekt\BankSystem2\Bank\Bank.h(12,7): message : see declaration of 'Client'
D:\УНИ\2 сем\ООП\proekt\BankSystem2\Commands\ClientCommands\OpenCmd.h(8,9): error C2079: 'OpenCmd::c' uses undefined class 'Client'
  CloseCmd.cpp
D:\УНИ\2 сем\ООП\proekt\BankSystem2\Task\Task.h(18,9): error C2079: 'Task::client' uses undefined class 'Client'
D:\УНИ\2 сем\ООП\proekt\BankSystem2\Task\Task.h(22,48): error C2027: use of undefined type 'Client'
D:\УНИ\2 сем\ООП\proekt\BankSystem2\Task\Task.h(5,7): message : see declaration of 'Client'
D:\УНИ\2 сем\ООП\proekt\BankSystem2\Task\Task.h(22,6): error C2439: 'Task::client': member could not be initialized
D:\УНИ\2 сем\ООП\proekt\BankSystem2\Task\Task.h(18,9): message : see declaration of 'Task::client'
D:\УНИ\2 сем\ООП\proekt\BankSystem2\Task\Task.h(37,9): error C2027: use of undefined type 'Client'
D:\УНИ\2 сем\ООП\proekt\BankSystem2\Task\Task.h(5,7): message : see declaration of 'Client'
D:\УНИ\2 сем\ООП\proekt\BankSystem2\Bank\Bank.h(28,52): error C2059: syntax error: ')'
D:\УНИ\2 сем\ООП\proekt\BankSystem2\Bank\Bank.h(28,53): error C2143: syntax error: missing ')' before ';'
D:\УНИ\2 сем\ООП\proekt\BankSystem2\User\UserFactory.h(9,26): error C2027: use of undefined type 'Client'
D:\УНИ\2 сем\ООП\proekt\BankSystem2\Bank\Bank.h(12,7): message : see declaration of 'Client'
D:\УНИ\2 сем\ООП\proekt\BankSystem2\Commands\ClientCommands\OpenCmd.h(4,23): error C2504: 'Command': base class undefined
D:\УНИ\2 сем\ООП\proekt\BankSystem2\Commands\ClientCommands\OpenCmd.h(8,9): error C2079: 'OpenCmd::c' uses undefined class 'Client'
D:\УНИ\2 сем\ООП\proekt\BankSystem2\Commands\ClientCommands\OpenCmd.h(11,7): error C3668: 'OpenCmd::execute': method with override specifier 'override' did not override any base class methods
D:\УНИ\2 сем\ООП\proekt\BankSystem2\Commands\EmployeeCommands\TasksCmd.h(4,24): error C2504: 'Command': base class undefined
D:\УНИ\2 сем\ООП\proekt\BankSystem2\Commands\EmployeeCommands\TasksCmd.h(10,7): error C3668: 'TasksCmd::execute': method with override specifier 'override' did not override any base class methods
D:\УНИ\2 сем\ООП\proekt\BankSystem2\Commands\EmployeeCommands\ApproveCmd.h(4,27): error C2504: 'Command': base class undefined
D:\УНИ\2 сем\ООП\proekt\BankSystem2\Commands\EmployeeCommands\ApproveCmd.h(11,7): error C3668: 'ApproveCmd::execute': method with override specifier 'override' did not override any base class methods
  CloseTask.cpp
D:\УНИ\2 сем\ООП\proekt\BankSystem2\Employee\Employee.h(10,25): error C2065: 'Task': undeclared identifier
D:\УНИ\2 сем\ООП\proekt\BankSystem2\Employee\Employee.h(10,9): error C2923: 'Polymorphic_Ptr': 'Task' is not a valid template type argument for parameter 'T'
D:\УНИ\2 сем\ООП\proekt\BankSystem2\Employee\Employee.h(10,25): message : see declaration of 'Task'
D:\УНИ\2 сем\ООП\proekt\BankSystem2\Employee\Employee.h(10,9): error C3203: 'Polymorphic_Ptr': unspecialized class template can't be used as a template argument for template parameter 'T', expected a real type
D:\УНИ\2 сем\ООП\proekt\BankSystem2\Employee\Employee.h(17,37): error C2065: 'Task': undeclared identifier
D:\УНИ\2 сем\ООП\proekt\BankSystem2\Employee\Employee.h(17,21): error C2923: 'Polymorphic_Ptr': 'Task' is not a valid template type argument for parameter 'T'
D:\УНИ\2 сем\ООП\proekt\BankSystem2\Employee\Employee.h(17,37): message : see declaration of 'Task'
D:\УНИ\2 сем\ООП\proekt\BankSystem2\Task\OpenTask.h(5,25): error C2504: 'Task': base class undefined
D:\УНИ\2 сем\ООП\proekt\BankSystem2\Task\OpenTask.h(8,10): error C4430: missing type specifier - int assumed. Note: C++ does not support default-int
D:\УНИ\2 сем\ООП\proekt\BankSystem2\Task\OpenTask.h(8,31): error C2143: syntax error: missing ',' before '&'
D:\УНИ\2 сем\ООП\proekt\BankSystem2\Task\OpenTask.h(12,11): error C3646: 'getType': unknown override specifier
D:\УНИ\2 сем\ООП\proekt\BankSystem2\Task\OpenTask.h(12,18): error C2059: syntax error: '('
D:\УНИ\2 сем\ООП\proekt\BankSystem2\Task\OpenTask.h(12,34): error C2238: unexpected token(s) preceding ';'
D:\УНИ\2 сем\ООП\proekt\BankSystem2\Task\OpenTask.h(13,6): error C2143: syntax error: missing ';' before '*'
D:\УНИ\2 сем\ООП\proekt\BankSystem2\Task\OpenTask.h(13,6): error C4430: missing type specifier - int assumed. Note: C++ does not support default-int
D:\УНИ\2 сем\ООП\proekt\BankSystem2\Task\OpenTask.h(13,31): error C2334: unexpected token(s) preceding '{'; skipping apparent function body
D:\УНИ\2 сем\ООП\proekt\BankSystem2\Task\OpenTask.h(9,7): error C3668: 'OpenTask::print': method with override specifier 'override' did not override any base class methods
D:\УНИ\2 сем\ООП\proekt\BankSystem2\Task\OpenTask.h(10,7): error C3668: 'OpenTask::view': method with override specifier 'override' did not override any base class methods
D:\УНИ\2 сем\ООП\proekt\BankSystem2\Task\OpenTask.h(11,7): error C3668: 'OpenTask::execute': method with override specifier 'override' did not override any base class methods
D:\УНИ\2 сем\ООП\proekt\BankSystem2\Task\OpenTask.h(8,47): error C2065: 'cl': undeclared identifier
D:\УНИ\2 сем\ООП\proekt\BankSystem2\Task\OpenTask.h(8,38): error C2614: 'OpenTask': illegal member initialization: 'Task' is not a base or member
D:\УНИ\2 сем\ООП\proekt\BankSystem2\Task\ChangeTask.h(3,26): error C2504: 'Task': base class undefined
D:\УНИ\2 сем\ООП\proekt\BankSystem2\Task\ChangeTask.h(10,12): error C4430: missing type specifier - int assumed. Note: C++ does not support default-int
D:\УНИ\2 сем\ООП\proekt\BankSystem2\Task\ChangeTask.h(10,33): error C2143: syntax error: missing ',' before '&'
D:\УНИ\2 сем\ООП\proekt\BankSystem2\Task\ChangeTask.h(20,11): error C3646: 'getType': unknown override specifier
D:\УНИ\2 сем\ООП\proekt\BankSystem2\Task\ChangeTask.h(20,18): error C2059: syntax error: '('
D:\УНИ\2 сем\ООП\proekt\BankSystem2\Task\ChangeTask.h(20,34): error C2238: unexpected token(s) preceding ';'
D:\УНИ\2 сем\ООП\proekt\BankSystem2\Task\ChangeTask.h(21,6): error C2143: syntax error: missing ';' before '*'
D:\УНИ\2 сем\ООП\proekt\BankSystem2\Task\ChangeTask.h(21,6): error C4430: missing type specifier - int assumed. Note: C++ does not support default-int
D:\УНИ\2 сем\ООП\proekt\BankSystem2\Task\ChangeTask.h(21,31): error C2334: unexpected token(s) preceding '{'; skipping apparent function body
D:\УНИ\2 сем\ООП\proekt\BankSystem2\Task\ChangeTask.h(16,7): error C3668: 'ChangeTask::print': method with override specifier 'override' did not override any base class methods
D:\УНИ\2 сем\ООП\proekt\BankSystem2\Task\ChangeTask.h(17,7): error C3668: 'ChangeTask::view': method with override specifier 'override' did not override any base class methods
D:\УНИ\2 сем\ООП\proekt\BankSystem2\Task\ChangeTask.h(19,7): error C3668: 'ChangeTask::execute': method with override specifier 'override' did not override any base class methods
D:\УНИ\2 сем\ООП\proekt\BankSystem2\Task\ChangeTask.h(11,25): error C2065: 'cl': undeclared identifier
D:\УНИ\2 сем\ООП\proekt\BankSystem2\Task\ChangeTask.h(11,16): error C2614: 'ChangeTask': illegal member initialization: 'Task' is not a base or member
D:\УНИ\2 сем\ООП\proekt\BankSystem2\Bank\Bank.h(21,25): error C2065: 'Task': undeclared identifier
D:\УНИ\2 сем\ООП\proekt\BankSystem2\Bank\Bank.h(21,9): error C2923: 'Polymorphic_Ptr': 'Task' is not a valid template type argument for parameter 'T'
D:\УНИ\2 сем\ООП\proekt\BankSystem2\Bank\Bank.h(21,25): message : see declaration of 'Task'
D:\УНИ\2 сем\ООП\proekt\BankSystem2\Bank\Bank.h(21,9): error C3203: 'Polymorphic_Ptr': unspecialized class template can't be used as a template argument for template parameter 'T', expected a real type
D:\УНИ\2 сем\ООП\proekt\BankSystem2\Bank\Bank.h(26,18): error C2065: 'Task': undeclared identifier
D:\УНИ\2 сем\ООП\proekt\BankSystem2\Bank\Bank.h(26,2): error C2923: 'Polymorphic_Ptr': 'Task' is not a valid template type argument for parameter 'T'
D:\УНИ\2 сем\ООП\proekt\BankSystem2\Bank\Bank.h(26,18): message : see declaration of 'Task'
D:\УНИ\2 сем\ООП\proekt\BankSystem2\Bank\Bank.h(27,18): error C2065: 'Task': undeclared identifier
D:\УНИ\2 сем\ООП\proekt\BankSystem2\Bank\Bank.h(27,2): error C2923: 'Polymorphic_Ptr': 'Task' is not a valid template type argument for parameter 'T'
D:\УНИ\2 сем\ООП\proekt\BankSystem2\Bank\Bank.h(27,18): message : see declaration of 'Task'
D:\УНИ\2 сем\ООП\proekt\BankSystem2\Bank\Bank.h(28,18): error C2065: 'Task': undeclared identifier
D:\УНИ\2 сем\ООП\proekt\BankSystem2\Bank\Bank.h(28,2): error C2923: 'Polymorphic_Ptr': 'Task' is not a valid template type argument for parameter 'T'
D:\УНИ\2 сем\ООП\proekt\BankSystem2\Bank\Bank.h(28,18): message : see declaration of 'Task'
D:\УНИ\2 сем\ООП\proekt\BankSystem2\Bank\Bank.h(28,52): error C2059: syntax error: ')'
D:\УНИ\2 сем\ООП\proekt\BankSystem2\Bank\Bank.h(28,53): error C2143: syntax error: missing ')' before ';'
D:\УНИ\2 сем\ООП\proekt\BankSystem2\Bank\Bank.h(29,38): error C2065: 'Task': undeclared identifier
D:\УНИ\2 сем\ООП\proekt\BankSystem2\Bank\Bank.h(29,22): error C2923: 'Polymorphic_Ptr': 'Task' is not a valid template type argument for parameter 'T'
D:\УНИ\2 сем\ООП\proekt\BankSystem2\Bank\Bank.h(29,38): message : see declaration of 'Task'
D:\УНИ\2 сем\ООП\proekt\BankSystem2\Bank\Bank.h(32,31): error C2065: 'Task': undeclared identifier
D:\УНИ\2 сем\ООП\proekt\BankSystem2\Bank\Bank.h(32,15): error C2923: 'Polymorphic_Ptr': 'Task' is not a valid template type argument for parameter 'T'
D:\УНИ\2 сем\ООП\proekt\BankSystem2\Bank\Bank.h(32,31): message : see declaration of 'Task'
D:\УНИ\2 сем\ООП\proekt\BankSystem2\Bank\Bank.h(32,15): error C3203: 'Polymorphic_Ptr': unspecialized class template can't be used as a template argument for template parameter 'T', expected a real type
D:\УНИ\2 сем\ООП\proekt\BankSystem2\User\UserFactory.h(9,26): error C2027: use of undefined type 'Client'
D:\УНИ\2 сем\ООП\proekt\BankSystem2\Bank\Bank.h(12,7): message : see declaration of 'Client'
D:\УНИ\2 сем\ООП\proekt\BankSystem2\Commands\ClientCommands\OpenCmd.h(8,9): error C2079: 'OpenCmd::c' uses undefined class 'Client'
  Command.cpp
D:\УНИ\2 сем\ООП\proekt\BankSystem2\Commands\Command.h(2,10): fatal  error C1083: Cannot open include file: '..\..\Utils\MyString.h': No such file or directory
  CommandExecutor.cpp
D:\УНИ\2 сем\ООП\proekt\BankSystem2\Task\Task.h(18,9): error C2079: 'Task::client' uses undefined class 'Client'
D:\УНИ\2 сем\ООП\proekt\BankSystem2\Task\Task.h(22,48): error C2027: use of undefined type 'Client'
D:\УНИ\2 сем\ООП\proekt\BankSystem2\Task\Task.h(5,7): message : see declaration of 'Client'
D:\УНИ\2 сем\ООП\proekt\BankSystem2\Task\Task.h(22,6): error C2439: 'Task::client': member could not be initialized
D:\УНИ\2 сем\ООП\proekt\BankSystem2\Task\Task.h(18,9): message : see declaration of 'Task::client'
D:\УНИ\2 сем\ООП\proekt\BankSystem2\Task\Task.h(37,9): error C2027: use of undefined type 'Client'
D:\УНИ\2 сем\ООП\proekt\BankSystem2\Task\Task.h(5,7): message : see declaration of 'Client'
D:\УНИ\2 сем\ООП\proekt\BankSystem2\Bank\Bank.h(28,52): error C2059: syntax error: ')'
D:\УНИ\2 сем\ООП\proekt\BankSystem2\Bank\Bank.h(28,53): error C2143: syntax error: missing ')' before ';'
D:\УНИ\2 сем\ООП\proekt\BankSystem2\User\UserFactory.h(9,26): error C2027: use of undefined type 'Client'
D:\УНИ\2 сем\ООП\proekt\BankSystem2\Bank\Bank.h(12,7): message : see declaration of 'Client'
D:\УНИ\2 сем\ООП\proekt\BankSystem2\Commands\ClientCommands\OpenCmd.h(4,23): error C2504: 'Command': base class undefined
D:\УНИ\2 сем\ООП\proekt\BankSystem2\Commands\ClientCommands\OpenCmd.h(8,9): error C2079: 'OpenCmd::c' uses undefined class 'Client'
D:\УНИ\2 сем\ООП\proekt\BankSystem2\Commands\ClientCommands\OpenCmd.h(11,7): error C3668: 'OpenCmd::execute': method with override specifier 'override' did not override any base class methods
D:\УНИ\2 сем\ООП\proekt\BankSystem2\Commands\EmployeeCommands\TasksCmd.h(4,24): error C2504: 'Command': base class undefined
D:\УНИ\2 сем\ООП\proekt\BankSystem2\Commands\EmployeeCommands\TasksCmd.h(10,7): error C3668: 'TasksCmd::execute': method with override specifier 'override' did not override any base class methods
  CommandFactory.cpp
D:\УНИ\2 сем\ООП\proekt\BankSystem2\Task\Task.h(18,9): error C2079: 'Task::client' uses undefined class 'Client'
D:\УНИ\2 сем\ООП\proekt\BankSystem2\Task\Task.h(22,48): error C2027: use of undefined type 'Client'
D:\УНИ\2 сем\ООП\proekt\BankSystem2\Task\Task.h(5,7): message : see declaration of 'Client'
D:\УНИ\2 сем\ООП\proekt\BankSystem2\Task\Task.h(22,6): error C2439: 'Task::client': member could not be initialized
D:\УНИ\2 сем\ООП\proekt\BankSystem2\Task\Task.h(18,9): message : see declaration of 'Task::client'
D:\УНИ\2 сем\ООП\proekt\BankSystem2\Task\Task.h(37,9): error C2027: use of undefined type 'Client'
D:\УНИ\2 сем\ООП\proekt\BankSystem2\Task\Task.h(5,7): message : see declaration of 'Client'
D:\УНИ\2 сем\ООП\proekt\BankSystem2\Bank\Bank.h(28,52): error C2059: syntax error: ')'
D:\УНИ\2 сем\ООП\proekt\BankSystem2\Bank\Bank.h(28,53): error C2143: syntax error: missing ')' before ';'
D:\УНИ\2 сем\ООП\proekt\BankSystem2\User\UserFactory.h(9,26): error C2027: use of undefined type 'Client'
D:\УНИ\2 сем\ООП\proekt\BankSystem2\Bank\Bank.h(12,7): message : see declaration of 'Client'
D:\УНИ\2 сем\ООП\proekt\BankSystem2\Commands\ClientCommands\OpenCmd.h(4,23): error C2504: 'Command': base class undefined
D:\УНИ\2 сем\ООП\proekt\BankSystem2\Commands\ClientCommands\OpenCmd.h(8,9): error C2079: 'OpenCmd::c' uses undefined class 'Client'
D:\УНИ\2 сем\ООП\proekt\BankSystem2\Commands\ClientCommands\OpenCmd.h(11,7): error C3668: 'OpenCmd::execute': method with override specifier 'override' did not override any base class methods
D:\УНИ\2 сем\ООП\proekt\BankSystem2\Commands\EmployeeCommands\TasksCmd.h(4,24): error C2504: 'Command': base class undefined
D:\УНИ\2 сем\ООП\proekt\BankSystem2\Commands\EmployeeCommands\TasksCmd.h(10,7): error C3668: 'TasksCmd::execute': method with override specifier 'override' did not override any base class methods
D:\УНИ\2 сем\ООП\proekt\BankSystem2\Commands\CommandFactory.cpp(57,21): error C2440: 'return': cannot convert from 'OpenCmd *' to 'Command *'
D:\УНИ\2 сем\ООП\proekt\BankSystem2\Commands\CommandFactory.cpp(57,21): message : Types pointed to are unrelated; conversion requires reinterpret_cast, C-style cast or parenthesized function-style cast
D:\УНИ\2 сем\ООП\proekt\BankSystem2\Commands\CommandFactory.cpp(97,22): error C2440: 'return': cannot convert from 'TasksCmd *' to 'Command *'
D:\УНИ\2 сем\ООП\proekt\BankSystem2\Commands\CommandFactory.cpp(97,22): message : Types pointed to are unrelated; conversion requires reinterpret_cast, C-style cast or parenthesized function-style cast
  CreateBankCmd.cpp
D:\УНИ\2 сем\ООП\proekt\BankSystem2\Task\Task.h(18,9): error C2079: 'Task::client' uses undefined class 'Client'
D:\УНИ\2 сем\ООП\proekt\BankSystem2\Task\Task.h(22,48): error C2027: use of undefined type 'Client'
D:\УНИ\2 сем\ООП\proekt\BankSystem2\Task\Task.h(5,7): message : see declaration of 'Client'
D:\УНИ\2 сем\ООП\proekt\BankSystem2\Task\Task.h(22,6): error C2439: 'Task::client': member could not be initialized
D:\УНИ\2 сем\ООП\proekt\BankSystem2\Task\Task.h(18,9): message : see declaration of 'Task::client'
D:\УНИ\2 сем\ООП\proekt\BankSystem2\Task\Task.h(37,9): error C2027: use of undefined type 'Client'
D:\УНИ\2 сем\ООП\proekt\BankSystem2\Task\Task.h(5,7): message : see declaration of 'Client'
D:\УНИ\2 сем\ООП\proekt\BankSystem2\Bank\Bank.h(28,52): error C2059: syntax error: ')'
D:\УНИ\2 сем\ООП\proekt\BankSystem2\Bank\Bank.h(28,53): error C2143: syntax error: missing ')' before ';'
D:\УНИ\2 сем\ООП\proekt\BankSystem2\User\UserFactory.h(9,26): error C2027: use of undefined type 'Client'
D:\УНИ\2 сем\ООП\proekt\BankSystem2\Bank\Bank.h(12,7): message : see declaration of 'Client'
D:\УНИ\2 сем\ООП\proekt\BankSystem2\Commands\ClientCommands\OpenCmd.h(4,23): error C2504: 'Command': base class undefined
D:\УНИ\2 сем\ООП\proekt\BankSystem2\Commands\ClientCommands\OpenCmd.h(8,9): error C2079: 'OpenCmd::c' uses undefined class 'Client'
D:\УНИ\2 сем\ООП\proekt\BankSystem2\Commands\ClientCommands\OpenCmd.h(11,7): error C3668: 'OpenCmd::execute': method with override specifier 'override' did not override any base class methods
D:\УНИ\2 сем\ООП\proekt\BankSystem2\Commands\EmployeeCommands\TasksCmd.h(4,24): error C2504: 'Command': base class undefined
D:\УНИ\2 сем\ООП\proekt\BankSystem2\Commands\EmployeeCommands\TasksCmd.h(10,7): error C3668: 'TasksCmd::execute': method with override specifier 'override' did not override any base class methods
D:\УНИ\2 сем\ООП\proekt\BankSystem2\Commands\EmployeeCommands\ApproveCmd.h(4,27): error C2504: 'Command': base class undefined
D:\УНИ\2 сем\ООП\proekt\BankSystem2\Commands\EmployeeCommands\ApproveCmd.h(11,7): error C3668: 'ApproveCmd::execute': method with override specifier 'override' did not override any base class methods
  DissaproveCmd.cpp
D:\УНИ\2 сем\ООП\proekt\BankSystem2\Task\Task.h(18,9): error C2079: 'Task::client' uses undefined class 'Client'
D:\УНИ\2 сем\ООП\proekt\BankSystem2\Task\Task.h(22,48): error C2027: use of undefined type 'Client'
D:\УНИ\2 сем\ООП\proekt\BankSystem2\Task\Task.h(5,7): message : see declaration of 'Client'
D:\УНИ\2 сем\ООП\proekt\BankSystem2\Task\Task.h(22,6): error C2439: 'Task::client': member could not be initialized
D:\УНИ\2 сем\ООП\proekt\BankSystem2\Task\Task.h(18,9): message : see declaration of 'Task::client'
D:\УНИ\2 сем\ООП\proekt\BankSystem2\Task\Task.h(37,9): error C2027: use of undefined type 'Client'
D:\УНИ\2 сем\ООП\proekt\BankSystem2\Task\Task.h(5,7): message : see declaration of 'Client'
D:\УНИ\2 сем\ООП\proekt\BankSystem2\Bank\Bank.h(28,52): error C2059: syntax error: ')'
D:\УНИ\2 сем\ООП\proekt\BankSystem2\Bank\Bank.h(28,53): error C2143: syntax error: missing ')' before ';'
D:\УНИ\2 сем\ООП\proekt\BankSystem2\User\UserFactory.h(9,26): error C2027: use of undefined type 'Client'
D:\УНИ\2 сем\ООП\proekt\BankSystem2\Bank\Bank.h(12,7): message : see declaration of 'Client'
D:\УНИ\2 сем\ООП\proekt\BankSystem2\Commands\ClientCommands\OpenCmd.h(4,23): error C2504: 'Command': base class undefined
D:\УНИ\2 сем\ООП\proekt\BankSystem2\Commands\ClientCommands\OpenCmd.h(8,9): error C2079: 'OpenCmd::c' uses undefined class 'Client'
D:\УНИ\2 сем\ООП\proekt\BankSystem2\Commands\ClientCommands\OpenCmd.h(11,7): error C3668: 'OpenCmd::execute': method with override specifier 'override' did not override any base class methods
D:\УНИ\2 сем\ООП\proekt\BankSystem2\Commands\EmployeeCommands\TasksCmd.h(4,24): error C2504: 'Command': base class undefined
D:\УНИ\2 сем\ООП\proekt\BankSystem2\Commands\EmployeeCommands\TasksCmd.h(10,7): error C3668: 'TasksCmd::execute': method with override specifier 'override' did not override any base class methods
D:\УНИ\2 сем\ООП\proekt\BankSystem2\Commands\EmployeeCommands\ApproveCmd.h(4,27): error C2504: 'Command': base class undefined
D:\УНИ\2 сем\ООП\proekt\BankSystem2\Commands\EmployeeCommands\ApproveCmd.h(11,7): error C3668: 'ApproveCmd::execute': method with override specifier 'override' did not override any base class methods
  Employee.cpp
D:\УНИ\2 сем\ООП\proekt\BankSystem2\Task\OpenTask.h(5,25): error C2504: 'Task': base class undefined
D:\УНИ\2 сем\ООП\proekt\BankSystem2\Task\OpenTask.h(8,10): error C4430: missing type specifier - int assumed. Note: C++ does not support default-int
D:\УНИ\2 сем\ООП\proekt\BankSystem2\Task\OpenTask.h(8,31): error C2143: syntax error: missing ',' before '&'
D:\УНИ\2 сем\ООП\proekt\BankSystem2\Task\OpenTask.h(12,11): error C3646: 'getType': unknown override specifier
D:\УНИ\2 сем\ООП\proekt\BankSystem2\Task\OpenTask.h(12,18): error C2059: syntax error: '('
D:\УНИ\2 сем\ООП\proekt\BankSystem2\Task\OpenTask.h(12,34): error C2238: unexpected token(s) preceding ';'
D:\УНИ\2 сем\ООП\proekt\BankSystem2\Task\OpenTask.h(13,6): error C2143: syntax error: missing ';' before '*'
D:\УНИ\2 сем\ООП\proekt\BankSystem2\Task\OpenTask.h(13,6): error C4430: missing type specifier - int assumed. Note: C++ does not support default-int
D:\УНИ\2 сем\ООП\proekt\BankSystem2\Task\OpenTask.h(13,31): error C2334: unexpected token(s) preceding '{'; skipping apparent function body
D:\УНИ\2 сем\ООП\proekt\BankSystem2\Task\OpenTask.h(9,7): error C3668: 'OpenTask::print': method with override specifier 'override' did not override any base class methods
D:\УНИ\2 сем\ООП\proekt\BankSystem2\Task\OpenTask.h(10,7): error C3668: 'OpenTask::view': method with override specifier 'override' did not override any base class methods
D:\УНИ\2 сем\ООП\proekt\BankSystem2\Task\OpenTask.h(11,7): error C3668: 'OpenTask::execute': method with override specifier 'override' did not override any base class methods
D:\УНИ\2 сем\ООП\proekt\BankSystem2\Task\OpenTask.h(8,47): error C2065: 'cl': undeclared identifier
D:\УНИ\2 сем\ООП\proekt\BankSystem2\Task\OpenTask.h(8,38): error C2614: 'OpenTask': illegal member initialization: 'Task' is not a base or member
D:\УНИ\2 сем\ООП\proekt\BankSystem2\Task\ChangeTask.h(3,26): error C2504: 'Task': base class undefined
D:\УНИ\2 сем\ООП\proekt\BankSystem2\Task\ChangeTask.h(10,12): error C4430: missing type specifier - int assumed. Note: C++ does not support default-int
D:\УНИ\2 сем\ООП\proekt\BankSystem2\Task\ChangeTask.h(10,33): error C2143: syntax error: missing ',' before '&'
D:\УНИ\2 сем\ООП\proekt\BankSystem2\Task\ChangeTask.h(20,11): error C3646: 'getType': unknown override specifier
D:\УНИ\2 сем\ООП\proekt\BankSystem2\Task\ChangeTask.h(20,18): error C2059: syntax error: '('
D:\УНИ\2 сем\ООП\proekt\BankSystem2\Task\ChangeTask.h(20,34): error C2238: unexpected token(s) preceding ';'
D:\УНИ\2 сем\ООП\proekt\BankSystem2\Task\ChangeTask.h(21,6): error C2143: syntax error: missing ';' before '*'
D:\УНИ\2 сем\ООП\proekt\BankSystem2\Task\ChangeTask.h(21,6): error C4430: missing type specifier - int assumed. Note: C++ does not support default-int
D:\УНИ\2 сем\ООП\proekt\BankSystem2\Task\ChangeTask.h(21,31): error C2334: unexpected token(s) preceding '{'; skipping apparent function body
D:\УНИ\2 сем\ООП\proekt\BankSystem2\Task\ChangeTask.h(16,7): error C3668: 'ChangeTask::print': method with override specifier 'override' did not override any base class methods
D:\УНИ\2 сем\ООП\proekt\BankSystem2\Task\ChangeTask.h(17,7): error C3668: 'ChangeTask::view': method with override specifier 'override' did not override any base class methods
D:\УНИ\2 сем\ООП\proekt\BankSystem2\Task\ChangeTask.h(19,7): error C3668: 'ChangeTask::execute': method with override specifier 'override' did not override any base class methods
D:\УНИ\2 сем\ООП\proekt\BankSystem2\Task\ChangeTask.h(11,25): error C2065: 'cl': undeclared identifier
D:\УНИ\2 сем\ООП\proekt\BankSystem2\Task\ChangeTask.h(11,16): error C2614: 'ChangeTask': illegal member initialization: 'Task' is not a base or member
D:\УНИ\2 сем\ООП\proekt\BankSystem2\Task\CloseTask.h(4,25): error C2504: 'Task': base class undefined
D:\УНИ\2 сем\ООП\proekt\BankSystem2\Task\CloseTask.h(9,11): error C4430: missing type specifier - int assumed. Note: C++ does not support default-int
D:\УНИ\2 сем\ООП\proekt\BankSystem2\Task\CloseTask.h(9,32): error C2143: syntax error: missing ',' before '&'
D:\УНИ\2 сем\ООП\proekt\BankSystem2\Task\CloseTask.h(11,11): error C3646: 'getType': unknown override specifier
D:\УНИ\2 сем\ООП\proekt\BankSystem2\Task\CloseTask.h(11,18): error C2059: syntax error: '('
D:\УНИ\2 сем\ООП\proekt\BankSystem2\Task\CloseTask.h(11,34): error C2238: unexpected token(s) preceding ';'
D:\УНИ\2 сем\ООП\proekt\BankSystem2\Task\CloseTask.h(12,6): error C2143: syntax error: missing ';' before '*'
D:\УНИ\2 сем\ООП\proekt\BankSystem2\Task\CloseTask.h(12,6): error C4430: missing type specifier - int assumed. Note: C++ does not support default-int
D:\УНИ\2 сем\ООП\proekt\BankSystem2\Task\CloseTask.h(12,31): error C2334: unexpected token(s) preceding '{'; skipping apparent function body
D:\УНИ\2 сем\ООП\proekt\BankSystem2\Task\CloseTask.h(7,7): error C3668: 'CloseTask::print': method with override specifier 'override' did not override any base class methods
D:\УНИ\2 сем\ООП\proekt\BankSystem2\Task\CloseTask.h(8,7): error C3668: 'CloseTask::view': method with override specifier 'override' did not override any base class methods
D:\УНИ\2 сем\ООП\proekt\BankSystem2\Task\CloseTask.h(10,7): error C3668: 'CloseTask::execute': method with override specifier 'override' did not override any base class methods
D:\УНИ\2 сем\ООП\proekt\BankSystem2\Task\CloseTask.h(9,48): error C2065: 'cl': undeclared identifier
D:\УНИ\2 сем\ООП\proekt\BankSystem2\Task\CloseTask.h(9,39): error C2614: 'CloseTask': illegal member initialization: 'Task' is not a base or member
D:\УНИ\2 сем\ООП\proekt\BankSystem2\Bank\Bank.h(21,25): error C2065: 'Task': undeclared identifier
D:\УНИ\2 сем\ООП\proekt\BankSystem2\Bank\Bank.h(21,9): error C2923: 'Polymorphic_Ptr': 'Task' is not a valid template type argument for parameter 'T'
D:\УНИ\2 сем\ООП\proekt\BankSystem2\Bank\Bank.h(21,25): message : see declaration of 'Task'
D:\УНИ\2 сем\ООП\proekt\BankSystem2\Bank\Bank.h(21,9): error C3203: 'Polymorphic_Ptr': unspecialized class template can't be used as a template argument for template parameter 'T', expected a real type
D:\УНИ\2 сем\ООП\proekt\BankSystem2\Bank\Bank.h(26,18): error C2065: 'Task': undeclared identifier
D:\УНИ\2 сем\ООП\proekt\BankSystem2\Bank\Bank.h(26,2): error C2923: 'Polymorphic_Ptr': 'Task' is not a valid template type argument for parameter 'T'
D:\УНИ\2 сем\ООП\proekt\BankSystem2\Bank\Bank.h(26,18): message : see declaration of 'Task'
D:\УНИ\2 сем\ООП\proekt\BankSystem2\Bank\Bank.h(27,18): error C2065: 'Task': undeclared identifier
D:\УНИ\2 сем\ООП\proekt\BankSystem2\Bank\Bank.h(27,2): error C2923: 'Polymorphic_Ptr': 'Task' is not a valid template type argument for parameter 'T'
D:\УНИ\2 сем\ООП\proekt\BankSystem2\Bank\Bank.h(27,18): message : see declaration of 'Task'
D:\УНИ\2 сем\ООП\proekt\BankSystem2\Bank\Bank.h(28,18): error C2065: 'Task': undeclared identifier
D:\УНИ\2 сем\ООП\proekt\BankSystem2\Bank\Bank.h(28,2): error C2923: 'Polymorphic_Ptr': 'Task' is not a valid template type argument for parameter 'T'
D:\УНИ\2 сем\ООП\proekt\BankSystem2\Bank\Bank.h(28,18): message : see declaration of 'Task'
D:\УНИ\2 сем\ООП\proekt\BankSystem2\Bank\Bank.h(28,52): error C2059: syntax error: ')'
D:\УНИ\2 сем\ООП\proekt\BankSystem2\Bank\Bank.h(28,53): error C2143: syntax error: missing ')' before ';'
D:\УНИ\2 сем\ООП\proekt\BankSystem2\Bank\Bank.h(29,38): error C2065: 'Task': undeclared identifier
D:\УНИ\2 сем\ООП\proekt\BankSystem2\Bank\Bank.h(29,22): error C2923: 'Polymorphic_Ptr': 'Task' is not a valid template type argument for parameter 'T'
D:\УНИ\2 сем\ООП\proekt\BankSystem2\Bank\Bank.h(29,38): message : see declaration of 'Task'
D:\УНИ\2 сем\ООП\proekt\BankSystem2\Bank\Bank.h(32,31): error C2065: 'Task': undeclared identifier
D:\УНИ\2 сем\ООП\proekt\BankSystem2\Bank\Bank.h(32,15): error C2923: 'Polymorphic_Ptr': 'Task' is not a valid template type argument for parameter 'T'
D:\УНИ\2 сем\ООП\proekt\BankSystem2\Bank\Bank.h(32,31): message : see declaration of 'Task'
D:\УНИ\2 сем\ООП\proekt\BankSystem2\Bank\Bank.h(32,15): error C3203: 'Polymorphic_Ptr': unspecialized class template can't be used as a template argument for template parameter 'T', expected a real type
D:\УНИ\2 сем\ООП\proekt\BankSystem2\User\UserFactory.h(9,26): error C2027: use of undefined type 'Client'
D:\УНИ\2 сем\ООП\proekt\BankSystem2\Bank\Bank.h(12,7): message : see declaration of 'Client'
D:\УНИ\2 сем\ООП\proekt\BankSystem2\User\UserFactory.h(13,28): error C2027: use of undefined type 'Employee'
D:\УНИ\2 сем\ООП\proekt\BankSystem2\Bank\Bank.h(13,7): message : see declaration of 'Employee'
D:\УНИ\2 сем\ООП\proekt\BankSystem2\Commands\ClientCommands\OpenCmd.h(8,9): error C2079: 'OpenCmd::c' uses undefined class 'Client'
D:\УНИ\2 сем\ООП\proekt\BankSystem2\Commands\EmployeeCommands\TasksCmd.h(7,11): error C2079: 'TasksCmd::e' uses undefined class 'Employee'
D:\УНИ\2 сем\ООП\proekt\BankSystem2\Commands\EmployeeCommands\ApproveCmd.h(7,11): error C2079: 'ApproveCmd::e' uses undefined class 'Employee'
  ExitCmd.cpp
D:\УНИ\2 сем\ООП\proekt\BankSystem2\Task\Task.h(18,9): error C2079: 'Task::client' uses undefined class 'Client'
D:\УНИ\2 сем\ООП\proekt\BankSystem2\Task\Task.h(22,48): error C2027: use of undefined type 'Client'
D:\УНИ\2 сем\ООП\proekt\BankSystem2\Task\Task.h(5,7): message : see declaration of 'Client'
D:\УНИ\2 сем\ООП\proekt\BankSystem2\Task\Task.h(22,6): error C2439: 'Task::client': member could not be initialized
D:\УНИ\2 сем\ООП\proekt\BankSystem2\Task\Task.h(18,9): message : see declaration of 'Task::client'
D:\УНИ\2 сем\ООП\proekt\BankSystem2\Task\Task.h(37,9): error C2027: use of undefined type 'Client'
D:\УНИ\2 сем\ООП\proekt\BankSystem2\Task\Task.h(5,7): message : see declaration of 'Client'
D:\УНИ\2 сем\ООП\proekt\BankSystem2\Bank\Bank.h(28,52): error C2059: syntax error: ')'
D:\УНИ\2 сем\ООП\proekt\BankSystem2\Bank\Bank.h(28,53): error C2143: syntax error: missing ')' before ';'
D:\УНИ\2 сем\ООП\proekt\BankSystem2\User\UserFactory.h(9,26): error C2027: use of undefined type 'Client'
D:\УНИ\2 сем\ООП\proekt\BankSystem2\Bank\Bank.h(12,7): message : see declaration of 'Client'
D:\УНИ\2 сем\ООП\proekt\BankSystem2\Commands\ClientCommands\OpenCmd.h(4,23): error C2504: 'Command': base class undefined
D:\УНИ\2 сем\ООП\proekt\BankSystem2\Commands\ClientCommands\OpenCmd.h(8,9): error C2079: 'OpenCmd::c' uses undefined class 'Client'
D:\УНИ\2 сем\ООП\proekt\BankSystem2\Commands\ClientCommands\OpenCmd.h(11,7): error C3668: 'OpenCmd::execute': method with override specifier 'override' did not override any base class methods
D:\УНИ\2 сем\ООП\proekt\BankSystem2\Commands\EmployeeCommands\TasksCmd.h(4,24): error C2504: 'Command': base class undefined
D:\УНИ\2 сем\ООП\proekt\BankSystem2\Commands\EmployeeCommands\TasksCmd.h(10,7): error C3668: 'TasksCmd::execute': method with override specifier 'override' did not override any base class methods
D:\УНИ\2 сем\ООП\proekt\BankSystem2\Commands\EmployeeCommands\ApproveCmd.h(4,27): error C2504: 'Command': base class undefined
D:\УНИ\2 сем\ООП\proekt\BankSystem2\Commands\EmployeeCommands\ApproveCmd.h(11,7): error C3668: 'ApproveCmd::execute': method with override specifier 'override' did not override any base class methods
  HelpCmd.cpp
D:\УНИ\2 сем\ООП\proekt\BankSystem2\Task\Task.h(18,9): error C2079: 'Task::client' uses undefined class 'Client'
D:\УНИ\2 сем\ООП\proekt\BankSystem2\Task\Task.h(22,48): error C2027: use of undefined type 'Client'
D:\УНИ\2 сем\ООП\proekt\BankSystem2\Task\Task.h(5,7): message : see declaration of 'Client'
D:\УНИ\2 сем\ООП\proekt\BankSystem2\Task\Task.h(22,6): error C2439: 'Task::client': member could not be initialized
D:\УНИ\2 сем\ООП\proekt\BankSystem2\Task\Task.h(18,9): message : see declaration of 'Task::client'
D:\УНИ\2 сем\ООП\proekt\BankSystem2\Task\Task.h(37,9): error C2027: use of undefined type 'Client'
D:\УНИ\2 сем\ООП\proekt\BankSystem2\Task\Task.h(5,7): message : see declaration of 'Client'
D:\УНИ\2 сем\ООП\proekt\BankSystem2\Bank\Bank.h(28,52): error C2059: syntax error: ')'
D:\УНИ\2 сем\ООП\proekt\BankSystem2\Bank\Bank.h(28,53): error C2143: syntax error: missing ')' before ';'
D:\УНИ\2 сем\ООП\proekt\BankSystem2\User\UserFactory.h(9,26): error C2027: use of undefined type 'Client'
D:\УНИ\2 сем\ООП\proekt\BankSystem2\Bank\Bank.h(12,7): message : see declaration of 'Client'
D:\УНИ\2 сем\ООП\proekt\BankSystem2\Commands\ClientCommands\OpenCmd.h(4,23): error C2504: 'Command': base class undefined
D:\УНИ\2 сем\ООП\proekt\BankSystem2\Commands\ClientCommands\OpenCmd.h(8,9): error C2079: 'OpenCmd::c' uses undefined class 'Client'
D:\УНИ\2 сем\ООП\proekt\BankSystem2\Commands\ClientCommands\OpenCmd.h(11,7): error C3668: 'OpenCmd::execute': method with override specifier 'override' did not override any base class methods
D:\УНИ\2 сем\ООП\proekt\BankSystem2\Commands\EmployeeCommands\TasksCmd.h(4,24): error C2504: 'Command': base class undefined
D:\УНИ\2 сем\ООП\proekt\BankSystem2\Commands\EmployeeCommands\TasksCmd.h(10,7): error C3668: 'TasksCmd::execute': method with override specifier 'override' did not override any base class methods
D:\УНИ\2 сем\ООП\proekt\BankSystem2\Commands\EmployeeCommands\ApproveCmd.h(4,27): error C2504: 'Command': base class undefined
D:\УНИ\2 сем\ООП\proekt\BankSystem2\Commands\EmployeeCommands\ApproveCmd.h(11,7): error C3668: 'ApproveCmd::execute': method with override specifier 'override' did not override any base class methods
  ListCmd.cpp
D:\УНИ\2 сем\ООП\proekt\BankSystem2\Task\Task.h(18,9): error C2079: 'Task::client' uses undefined class 'Client'
D:\УНИ\2 сем\ООП\proekt\BankSystem2\Task\Task.h(22,48): error C2027: use of undefined type 'Client'
D:\УНИ\2 сем\ООП\proekt\BankSystem2\Task\Task.h(5,7): message : see declaration of 'Client'
D:\УНИ\2 сем\ООП\proekt\BankSystem2\Task\Task.h(22,6): error C2439: 'Task::client': member could not be initialized
D:\УНИ\2 сем\ООП\proekt\BankSystem2\Task\Task.h(18,9): message : see declaration of 'Task::client'
D:\УНИ\2 сем\ООП\proekt\BankSystem2\Task\Task.h(37,9): error C2027: use of undefined type 'Client'
D:\УНИ\2 сем\ООП\proekt\BankSystem2\Task\Task.h(5,7): message : see declaration of 'Client'
D:\УНИ\2 сем\ООП\proekt\BankSystem2\Bank\Bank.h(28,52): error C2059: syntax error: ')'
D:\УНИ\2 сем\ООП\proekt\BankSystem2\Bank\Bank.h(28,53): error C2143: syntax error: missing ')' before ';'
D:\УНИ\2 сем\ООП\proekt\BankSystem2\User\UserFactory.h(9,26): error C2027: use of undefined type 'Client'
D:\УНИ\2 сем\ООП\proekt\BankSystem2\Bank\Bank.h(12,7): message : see declaration of 'Client'
D:\УНИ\2 сем\ООП\proekt\BankSystem2\Commands\ClientCommands\OpenCmd.h(4,23): error C2504: 'Command': base class undefined
D:\УНИ\2 сем\ООП\proekt\BankSystem2\Commands\ClientCommands\OpenCmd.h(8,9): error C2079: 'OpenCmd::c' uses undefined class 'Client'
D:\УНИ\2 сем\ООП\proekt\BankSystem2\Commands\ClientCommands\OpenCmd.h(11,7): error C3668: 'OpenCmd::execute': method with override specifier 'override' did not override any base class methods
D:\УНИ\2 сем\ООП\proekt\BankSystem2\Commands\EmployeeCommands\TasksCmd.h(4,24): error C2504: 'Command': base class undefined
D:\УНИ\2 сем\ООП\proekt\BankSystem2\Commands\EmployeeCommands\TasksCmd.h(10,7): error C3668: 'TasksCmd::execute': method with override specifier 'override' did not override any base class methods
D:\УНИ\2 сем\ООП\proekt\BankSystem2\Commands\EmployeeCommands\ApproveCmd.h(4,27): error C2504: 'Command': base class undefined
D:\УНИ\2 сем\ООП\proekt\BankSystem2\Commands\EmployeeCommands\ApproveCmd.h(11,7): error C3668: 'ApproveCmd::execute': method with override specifier 'override' did not override any base class methods
  LoginCmd.cpp
D:\УНИ\2 сем\ООП\proekt\BankSystem2\Task\Task.h(18,9): error C2079: 'Task::client' uses undefined class 'Client'
D:\УНИ\2 сем\ООП\proekt\BankSystem2\Task\Task.h(22,48): error C2027: use of undefined type 'Client'
D:\УНИ\2 сем\ООП\proekt\BankSystem2\Task\Task.h(5,7): message : see declaration of 'Client'
D:\УНИ\2 сем\ООП\proekt\BankSystem2\Task\Task.h(22,6): error C2439: 'Task::client': member could not be initialized
D:\УНИ\2 сем\ООП\proekt\BankSystem2\Task\Task.h(18,9): message : see declaration of 'Task::client'
D:\УНИ\2 сем\ООП\proekt\BankSystem2\Task\Task.h(37,9): error C2027: use of undefined type 'Client'
D:\УНИ\2 сем\ООП\proekt\BankSystem2\Task\Task.h(5,7): message : see declaration of 'Client'
D:\УНИ\2 сем\ООП\proekt\BankSystem2\Bank\Bank.h(28,52): error C2059: syntax error: ')'
D:\УНИ\2 сем\ООП\proekt\BankSystem2\Bank\Bank.h(28,53): error C2143: syntax error: missing ')' before ';'
D:\УНИ\2 сем\ООП\proekt\BankSystem2\User\UserFactory.h(9,26): error C2027: use of undefined type 'Client'
D:\УНИ\2 сем\ООП\proekt\BankSystem2\Bank\Bank.h(12,7): message : see declaration of 'Client'
D:\УНИ\2 сем\ООП\proekt\BankSystem2\Commands\ClientCommands\OpenCmd.h(4,23): error C2504: 'Command': base class undefined
D:\УНИ\2 сем\ООП\proekt\BankSystem2\Commands\ClientCommands\OpenCmd.h(8,9): error C2079: 'OpenCmd::c' uses undefined class 'Client'
D:\УНИ\2 сем\ООП\proekt\BankSystem2\Commands\ClientCommands\OpenCmd.h(11,7): error C3668: 'OpenCmd::execute': method with override specifier 'override' did not override any base class methods
D:\УНИ\2 сем\ООП\proekt\BankSystem2\Commands\EmployeeCommands\TasksCmd.h(4,24): error C2504: 'Command': base class undefined
D:\УНИ\2 сем\ООП\proekt\BankSystem2\Commands\EmployeeCommands\TasksCmd.h(10,7): error C3668: 'TasksCmd::execute': method with override specifier 'override' did not override any base class methods
D:\УНИ\2 сем\ООП\proekt\BankSystem2\Commands\EmployeeCommands\ApproveCmd.h(4,27): error C2504: 'Command': base class undefined
D:\УНИ\2 сем\ООП\proekt\BankSystem2\Commands\EmployeeCommands\ApproveCmd.h(11,7): error C3668: 'ApproveCmd::execute': method with override specifier 'override' did not override any base class methods
  MessagesCmd.cpp
D:\УНИ\2 сем\ООП\proekt\BankSystem2\Task\Task.h(18,9): error C2079: 'Task::client' uses undefined class 'Client'
D:\УНИ\2 сем\ООП\proekt\BankSystem2\Task\Task.h(22,48): error C2027: use of undefined type 'Client'
D:\УНИ\2 сем\ООП\proekt\BankSystem2\Task\Task.h(5,7): message : see declaration of 'Client'
D:\УНИ\2 сем\ООП\proekt\BankSystem2\Task\Task.h(22,6): error C2439: 'Task::client': member could not be initialized
D:\УНИ\2 сем\ООП\proekt\BankSystem2\Task\Task.h(18,9): message : see declaration of 'Task::client'
D:\УНИ\2 сем\ООП\proekt\BankSystem2\Task\Task.h(37,9): error C2027: use of undefined type 'Client'
D:\УНИ\2 сем\ООП\proekt\BankSystem2\Task\Task.h(5,7): message : see declaration of 'Client'
D:\УНИ\2 сем\ООП\proekt\BankSystem2\Bank\Bank.h(28,52): error C2059: syntax error: ')'
D:\УНИ\2 сем\ООП\proekt\BankSystem2\Bank\Bank.h(28,53): error C2143: syntax error: missing ')' before ';'
D:\УНИ\2 сем\ООП\proekt\BankSystem2\User\UserFactory.h(9,26): error C2027: use of undefined type 'Client'
D:\УНИ\2 сем\ООП\proekt\BankSystem2\Bank\Bank.h(12,7): message : see declaration of 'Client'
D:\УНИ\2 сем\ООП\proekt\BankSystem2\Commands\ClientCommands\OpenCmd.h(4,23): error C2504: 'Command': base class undefined
D:\УНИ\2 сем\ООП\proekt\BankSystem2\Commands\ClientCommands\OpenCmd.h(8,9): error C2079: 'OpenCmd::c' uses undefined class 'Client'
D:\УНИ\2 сем\ООП\proekt\BankSystem2\Commands\ClientCommands\OpenCmd.h(11,7): error C3668: 'OpenCmd::execute': method with override specifier 'override' did not override any base class methods
D:\УНИ\2 сем\ООП\proekt\BankSystem2\Commands\EmployeeCommands\TasksCmd.h(4,24): error C2504: 'Command': base class undefined
D:\УНИ\2 сем\ООП\proekt\BankSystem2\Commands\EmployeeCommands\TasksCmd.h(10,7): error C3668: 'TasksCmd::execute': method with override specifier 'override' did not override any base class methods
D:\УНИ\2 сем\ООП\proekt\BankSystem2\Commands\EmployeeCommands\ApproveCmd.h(4,27): error C2504: 'Command': base class undefined
D:\УНИ\2 сем\ООП\proekt\BankSystem2\Commands\EmployeeCommands\ApproveCmd.h(11,7): error C3668: 'ApproveCmd::execute': method with override specifier 'override' did not override any base class methods
  Generating Code...
  Compiling...
  OpenCmd.cpp
D:\УНИ\2 сем\ООП\proekt\BankSystem2\Task\Task.h(18,9): error C2079: 'Task::client' uses undefined class 'Client'
D:\УНИ\2 сем\ООП\proekt\BankSystem2\Task\Task.h(22,48): error C2027: use of undefined type 'Client'
D:\УНИ\2 сем\ООП\proekt\BankSystem2\Task\Task.h(5,7): message : see declaration of 'Client'
D:\УНИ\2 сем\ООП\proekt\BankSystem2\Task\Task.h(22,6): error C2439: 'Task::client': member could not be initialized
D:\УНИ\2 сем\ООП\proekt\BankSystem2\Task\Task.h(18,9): message : see declaration of 'Task::client'
D:\УНИ\2 сем\ООП\proekt\BankSystem2\Task\Task.h(37,9): error C2027: use of undefined type 'Client'
D:\УНИ\2 сем\ООП\proekt\BankSystem2\Task\Task.h(5,7): message : see declaration of 'Client'
D:\УНИ\2 сем\ООП\proekt\BankSystem2\Bank\Bank.h(28,52): error C2059: syntax error: ')'
D:\УНИ\2 сем\ООП\proekt\BankSystem2\Bank\Bank.h(28,53): error C2143: syntax error: missing ')' before ';'
D:\УНИ\2 сем\ООП\proekt\BankSystem2\User\UserFactory.h(9,26): error C2027: use of undefined type 'Client'
D:\УНИ\2 сем\ООП\proekt\BankSystem2\Bank\Bank.h(12,7): message : see declaration of 'Client'
D:\УНИ\2 сем\ООП\proekt\BankSystem2\Commands\EmployeeCommands\TasksCmd.h(4,24): error C2504: 'Command': base class undefined
D:\УНИ\2 сем\ООП\proekt\BankSystem2\Commands\EmployeeCommands\TasksCmd.h(10,7): error C3668: 'TasksCmd::execute': method with override specifier 'override' did not override any base class methods
D:\УНИ\2 сем\ООП\proekt\BankSystem2\Commands\EmployeeCommands\ApproveCmd.h(4,27): error C2504: 'Command': base class undefined
D:\УНИ\2 сем\ООП\proekt\BankSystem2\Commands\EmployeeCommands\ApproveCmd.h(11,7): error C3668: 'ApproveCmd::execute': method with override specifier 'override' did not override any base class methods
  OpenTask.cpp
D:\УНИ\2 сем\ООП\proekt\BankSystem2\Employee\Employee.h(10,25): error C2065: 'Task': undeclared identifier
D:\УНИ\2 сем\ООП\proekt\BankSystem2\Employee\Employee.h(10,9): error C2923: 'Polymorphic_Ptr': 'Task' is not a valid template type argument for parameter 'T'
D:\УНИ\2 сем\ООП\proekt\BankSystem2\Employee\Employee.h(10,25): message : see declaration of 'Task'
D:\УНИ\2 сем\ООП\proekt\BankSystem2\Employee\Employee.h(10,9): error C3203: 'Polymorphic_Ptr': unspecialized class template can't be used as a template argument for template parameter 'T', expected a real type
D:\УНИ\2 сем\ООП\proekt\BankSystem2\Employee\Employee.h(17,37): error C2065: 'Task': undeclared identifier
D:\УНИ\2 сем\ООП\proekt\BankSystem2\Employee\Employee.h(17,21): error C2923: 'Polymorphic_Ptr': 'Task' is not a valid template type argument for parameter 'T'
D:\УНИ\2 сем\ООП\proekt\BankSystem2\Employee\Employee.h(17,37): message : see declaration of 'Task'
D:\УНИ\2 сем\ООП\proekt\BankSystem2\Task\ChangeTask.h(3,26): error C2504: 'Task': base class undefined
D:\УНИ\2 сем\ООП\proekt\BankSystem2\Task\ChangeTask.h(10,12): error C4430: missing type specifier - int assumed. Note: C++ does not support default-int
D:\УНИ\2 сем\ООП\proekt\BankSystem2\Task\ChangeTask.h(10,33): error C2143: syntax error: missing ',' before '&'
D:\УНИ\2 сем\ООП\proekt\BankSystem2\Task\ChangeTask.h(20,11): error C3646: 'getType': unknown override specifier
D:\УНИ\2 сем\ООП\proekt\BankSystem2\Task\ChangeTask.h(20,18): error C2059: syntax error: '('
D:\УНИ\2 сем\ООП\proekt\BankSystem2\Task\ChangeTask.h(20,34): error C2238: unexpected token(s) preceding ';'
D:\УНИ\2 сем\ООП\proekt\BankSystem2\Task\ChangeTask.h(21,6): error C2143: syntax error: missing ';' before '*'
D:\УНИ\2 сем\ООП\proekt\BankSystem2\Task\ChangeTask.h(21,6): error C4430: missing type specifier - int assumed. Note: C++ does not support default-int
D:\УНИ\2 сем\ООП\proekt\BankSystem2\Task\ChangeTask.h(21,31): error C2334: unexpected token(s) preceding '{'; skipping apparent function body
D:\УНИ\2 сем\ООП\proekt\BankSystem2\Task\ChangeTask.h(16,7): error C3668: 'ChangeTask::print': method with override specifier 'override' did not override any base class methods
D:\УНИ\2 сем\ООП\proekt\BankSystem2\Task\ChangeTask.h(17,7): error C3668: 'ChangeTask::view': method with override specifier 'override' did not override any base class methods
D:\УНИ\2 сем\ООП\proekt\BankSystem2\Task\ChangeTask.h(19,7): error C3668: 'ChangeTask::execute': method with override specifier 'override' did not override any base class methods
D:\УНИ\2 сем\ООП\proekt\BankSystem2\Task\ChangeTask.h(11,25): error C2065: 'cl': undeclared identifier
D:\УНИ\2 сем\ООП\proekt\BankSystem2\Task\ChangeTask.h(11,16): error C2614: 'ChangeTask': illegal member initialization: 'Task' is not a base or member
D:\УНИ\2 сем\ООП\proekt\BankSystem2\Task\CloseTask.h(4,25): error C2504: 'Task': base class undefined
D:\УНИ\2 сем\ООП\proekt\BankSystem2\Task\CloseTask.h(9,11): error C4430: missing type specifier - int assumed. Note: C++ does not support default-int
D:\УНИ\2 сем\ООП\proekt\BankSystem2\Task\CloseTask.h(9,32): error C2143: syntax error: missing ',' before '&'
D:\УНИ\2 сем\ООП\proekt\BankSystem2\Task\CloseTask.h(11,11): error C3646: 'getType': unknown override specifier
D:\УНИ\2 сем\ООП\proekt\BankSystem2\Task\CloseTask.h(11,18): error C2059: syntax error: '('
D:\УНИ\2 сем\ООП\proekt\BankSystem2\Task\CloseTask.h(11,34): error C2238: unexpected token(s) preceding ';'
D:\УНИ\2 сем\ООП\proekt\BankSystem2\Task\CloseTask.h(12,6): error C2143: syntax error: missing ';' before '*'
D:\УНИ\2 сем\ООП\proekt\BankSystem2\Task\CloseTask.h(12,6): error C4430: missing type specifier - int assumed. Note: C++ does not support default-int
D:\УНИ\2 сем\ООП\proekt\BankSystem2\Task\CloseTask.h(12,31): error C2334: unexpected token(s) preceding '{'; skipping apparent function body
D:\УНИ\2 сем\ООП\proekt\BankSystem2\Task\CloseTask.h(7,7): error C3668: 'CloseTask::print': method with override specifier 'override' did not override any base class methods
D:\УНИ\2 сем\ООП\proekt\BankSystem2\Task\CloseTask.h(8,7): error C3668: 'CloseTask::view': method with override specifier 'override' did not override any base class methods
D:\УНИ\2 сем\ООП\proekt\BankSystem2\Task\CloseTask.h(10,7): error C3668: 'CloseTask::execute': method with override specifier 'override' did not override any base class methods
D:\УНИ\2 сем\ООП\proekt\BankSystem2\Task\CloseTask.h(9,48): error C2065: 'cl': undeclared identifier
D:\УНИ\2 сем\ООП\proekt\BankSystem2\Task\CloseTask.h(9,39): error C2614: 'CloseTask': illegal member initialization: 'Task' is not a base or member
D:\УНИ\2 сем\ООП\proekt\BankSystem2\Bank\Bank.h(21,25): error C2065: 'Task': undeclared identifier
D:\УНИ\2 сем\ООП\proekt\BankSystem2\Bank\Bank.h(21,9): error C2923: 'Polymorphic_Ptr': 'Task' is not a valid template type argument for parameter 'T'
D:\УНИ\2 сем\ООП\proekt\BankSystem2\Bank\Bank.h(21,25): message : see declaration of 'Task'
D:\УНИ\2 сем\ООП\proekt\BankSystem2\Bank\Bank.h(21,9): error C3203: 'Polymorphic_Ptr': unspecialized class template can't be used as a template argument for template parameter 'T', expected a real type
D:\УНИ\2 сем\ООП\proekt\BankSystem2\Bank\Bank.h(26,18): error C2065: 'Task': undeclared identifier
D:\УНИ\2 сем\ООП\proekt\BankSystem2\Bank\Bank.h(26,2): error C2923: 'Polymorphic_Ptr': 'Task' is not a valid template type argument for parameter 'T'
D:\УНИ\2 сем\ООП\proekt\BankSystem2\Bank\Bank.h(26,18): message : see declaration of 'Task'
D:\УНИ\2 сем\ООП\proekt\BankSystem2\Bank\Bank.h(27,18): error C2065: 'Task': undeclared identifier
D:\УНИ\2 сем\ООП\proekt\BankSystem2\Bank\Bank.h(27,2): error C2923: 'Polymorphic_Ptr': 'Task' is not a valid template type argument for parameter 'T'
D:\УНИ\2 сем\ООП\proekt\BankSystem2\Bank\Bank.h(27,18): message : see declaration of 'Task'
D:\УНИ\2 сем\ООП\proekt\BankSystem2\Bank\Bank.h(28,18): error C2065: 'Task': undeclared identifier
D:\УНИ\2 сем\ООП\proekt\BankSystem2\Bank\Bank.h(28,2): error C2923: 'Polymorphic_Ptr': 'Task' is not a valid template type argument for parameter 'T'
D:\УНИ\2 сем\ООП\proekt\BankSystem2\Bank\Bank.h(28,18): message : see declaration of 'Task'
D:\УНИ\2 сем\ООП\proekt\BankSystem2\Bank\Bank.h(28,52): error C2059: syntax error: ')'
D:\УНИ\2 сем\ООП\proekt\BankSystem2\Bank\Bank.h(28,53): error C2143: syntax error: missing ')' before ';'
D:\УНИ\2 сем\ООП\proekt\BankSystem2\Bank\Bank.h(29,38): error C2065: 'Task': undeclared identifier
D:\УНИ\2 сем\ООП\proekt\BankSystem2\Bank\Bank.h(29,22): error C2923: 'Polymorphic_Ptr': 'Task' is not a valid template type argument for parameter 'T'
D:\УНИ\2 сем\ООП\proekt\BankSystem2\Bank\Bank.h(29,38): message : see declaration of 'Task'
D:\УНИ\2 сем\ООП\proekt\BankSystem2\Bank\Bank.h(32,31): error C2065: 'Task': undeclared identifier
D:\УНИ\2 сем\ООП\proekt\BankSystem2\Bank\Bank.h(32,15): error C2923: 'Polymorphic_Ptr': 'Task' is not a valid template type argument for parameter 'T'
D:\УНИ\2 сем\ООП\proekt\BankSystem2\Bank\Bank.h(32,31): message : see declaration of 'Task'
D:\УНИ\2 сем\ООП\proekt\BankSystem2\Bank\Bank.h(32,15): error C3203: 'Polymorphic_Ptr': unspecialized class template can't be used as a template argument for template parameter 'T', expected a real type
D:\УНИ\2 сем\ООП\proekt\BankSystem2\User\UserFactory.h(9,26): error C2027: use of undefined type 'Client'
D:\УНИ\2 сем\ООП\proekt\BankSystem2\Bank\Bank.h(12,7): message : see declaration of 'Client'
D:\УНИ\2 сем\ООП\proekt\BankSystem2\Commands\ClientCommands\OpenCmd.h(8,9): error C2079: 'OpenCmd::c' uses undefined class 'Client'
  RedeemCmd.cpp
D:\УНИ\2 сем\ООП\proekt\BankSystem2\Task\Task.h(18,9): error C2079: 'Task::client' uses undefined class 'Client'
D:\УНИ\2 сем\ООП\proekt\BankSystem2\Task\Task.h(22,48): error C2027: use of undefined type 'Client'
D:\УНИ\2 сем\ООП\proekt\BankSystem2\Task\Task.h(5,7): message : see declaration of 'Client'
D:\УНИ\2 сем\ООП\proekt\BankSystem2\Task\Task.h(22,6): error C2439: 'Task::client': member could not be initialized
D:\УНИ\2 сем\ООП\proekt\BankSystem2\Task\Task.h(18,9): message : see declaration of 'Task::client'
D:\УНИ\2 сем\ООП\proekt\BankSystem2\Task\Task.h(37,9): error C2027: use of undefined type 'Client'
D:\УНИ\2 сем\ООП\proekt\BankSystem2\Task\Task.h(5,7): message : see declaration of 'Client'
D:\УНИ\2 сем\ООП\proekt\BankSystem2\Bank\Bank.h(28,52): error C2059: syntax error: ')'
D:\УНИ\2 сем\ООП\proekt\BankSystem2\Bank\Bank.h(28,53): error C2143: syntax error: missing ')' before ';'
D:\УНИ\2 сем\ООП\proekt\BankSystem2\User\UserFactory.h(9,26): error C2027: use of undefined type 'Client'
D:\УНИ\2 сем\ООП\proekt\BankSystem2\Bank\Bank.h(12,7): message : see declaration of 'Client'
D:\УНИ\2 сем\ООП\proekt\BankSystem2\Commands\ClientCommands\OpenCmd.h(4,23): error C2504: 'Command': base class undefined
D:\УНИ\2 сем\ООП\proekt\BankSystem2\Commands\ClientCommands\OpenCmd.h(8,9): error C2079: 'OpenCmd::c' uses undefined class 'Client'
D:\УНИ\2 сем\ООП\proekt\BankSystem2\Commands\ClientCommands\OpenCmd.h(11,7): error C3668: 'OpenCmd::execute': method with override specifier 'override' did not override any base class methods
D:\УНИ\2 сем\ООП\proekt\BankSystem2\Commands\EmployeeCommands\TasksCmd.h(4,24): error C2504: 'Command': base class undefined
D:\УНИ\2 сем\ООП\proekt\BankSystem2\Commands\EmployeeCommands\TasksCmd.h(10,7): error C3668: 'TasksCmd::execute': method with override specifier 'override' did not override any base class methods
D:\УНИ\2 сем\ООП\proekt\BankSystem2\Commands\EmployeeCommands\ApproveCmd.h(4,27): error C2504: 'Command': base class undefined
D:\УНИ\2 сем\ООП\proekt\BankSystem2\Commands\EmployeeCommands\ApproveCmd.h(11,7): error C3668: 'ApproveCmd::execute': method with override specifier 'override' did not override any base class methods
  SednCheckCmd.cpp
D:\УНИ\2 сем\ООП\proekt\BankSystem2\Task\Task.h(18,9): error C2079: 'Task::client' uses undefined class 'Client'
D:\УНИ\2 сем\ООП\proekt\BankSystem2\Task\Task.h(22,48): error C2027: use of undefined type 'Client'
D:\УНИ\2 сем\ООП\proekt\BankSystem2\Task\Task.h(5,7): message : see declaration of 'Client'
D:\УНИ\2 сем\ООП\proekt\BankSystem2\Task\Task.h(22,6): error C2439: 'Task::client': member could not be initialized
D:\УНИ\2 сем\ООП\proekt\BankSystem2\Task\Task.h(18,9): message : see declaration of 'Task::client'
D:\УНИ\2 сем\ООП\proekt\BankSystem2\Task\Task.h(37,9): error C2027: use of undefined type 'Client'
D:\УНИ\2 сем\ООП\proekt\BankSystem2\Task\Task.h(5,7): message : see declaration of 'Client'
D:\УНИ\2 сем\ООП\proekt\BankSystem2\Bank\Bank.h(28,52): error C2059: syntax error: ')'
D:\УНИ\2 сем\ООП\proekt\BankSystem2\Bank\Bank.h(28,53): error C2143: syntax error: missing ')' before ';'
D:\УНИ\2 сем\ООП\proekt\BankSystem2\User\UserFactory.h(9,26): error C2027: use of undefined type 'Client'
D:\УНИ\2 сем\ООП\proekt\BankSystem2\Bank\Bank.h(12,7): message : see declaration of 'Client'
D:\УНИ\2 сем\ООП\proekt\BankSystem2\Commands\ClientCommands\OpenCmd.h(4,23): error C2504: 'Command': base class undefined
D:\УНИ\2 сем\ООП\proekt\BankSystem2\Commands\ClientCommands\OpenCmd.h(8,9): error C2079: 'OpenCmd::c' uses undefined class 'Client'
D:\УНИ\2 сем\ООП\proekt\BankSystem2\Commands\ClientCommands\OpenCmd.h(11,7): error C3668: 'OpenCmd::execute': method with override specifier 'override' did not override any base class methods
D:\УНИ\2 сем\ООП\proekt\BankSystem2\Commands\EmployeeCommands\TasksCmd.h(4,24): error C2504: 'Command': base class undefined
D:\УНИ\2 сем\ООП\proekt\BankSystem2\Commands\EmployeeCommands\TasksCmd.h(10,7): error C3668: 'TasksCmd::execute': method with override specifier 'override' did not override any base class methods
D:\УНИ\2 сем\ООП\proekt\BankSystem2\Commands\EmployeeCommands\ApproveCmd.h(4,27): error C2504: 'Command': base class undefined
D:\УНИ\2 сем\ООП\proekt\BankSystem2\Commands\EmployeeCommands\ApproveCmd.h(11,7): error C3668: 'ApproveCmd::execute': method with override specifier 'override' did not override any base class methods
  SignUp.cpp
D:\УНИ\2 сем\ООП\proekt\BankSystem2\Commands\SystemCommands\SignUp.cpp(1,10): fatal  error C1083: Cannot open include file: 'SignUp.h': No such file or directory
  SignUpCmd.cpp
D:\УНИ\2 сем\ООП\proekt\BankSystem2\Task\Task.h(18,9): error C2079: 'Task::client' uses undefined class 'Client'
D:\УНИ\2 сем\ООП\proekt\BankSystem2\Task\Task.h(22,48): error C2027: use of undefined type 'Client'
D:\УНИ\2 сем\ООП\proekt\BankSystem2\Task\Task.h(5,7): message : see declaration of 'Client'
D:\УНИ\2 сем\ООП\proekt\BankSystem2\Task\Task.h(22,6): error C2439: 'Task::client': member could not be initialized
D:\УНИ\2 сем\ООП\proekt\BankSystem2\Task\Task.h(18,9): message : see declaration of 'Task::client'
D:\УНИ\2 сем\ООП\proekt\BankSystem2\Task\Task.h(37,9): error C2027: use of undefined type 'Client'
D:\УНИ\2 сем\ООП\proekt\BankSystem2\Task\Task.h(5,7): message : see declaration of 'Client'
D:\УНИ\2 сем\ООП\proekt\BankSystem2\Bank\Bank.h(28,52): error C2059: syntax error: ')'
D:\УНИ\2 сем\ООП\proekt\BankSystem2\Bank\Bank.h(28,53): error C2143: syntax error: missing ')' before ';'
D:\УНИ\2 сем\ООП\proekt\BankSystem2\User\UserFactory.h(9,26): error C2027: use of undefined type 'Client'
D:\УНИ\2 сем\ООП\proekt\BankSystem2\Bank\Bank.h(12,7): message : see declaration of 'Client'
D:\УНИ\2 сем\ООП\proekt\BankSystem2\Commands\ClientCommands\OpenCmd.h(4,23): error C2504: 'Command': base class undefined
D:\УНИ\2 сем\ООП\proekt\BankSystem2\Commands\ClientCommands\OpenCmd.h(8,9): error C2079: 'OpenCmd::c' uses undefined class 'Client'
D:\УНИ\2 сем\ООП\proekt\BankSystem2\Commands\ClientCommands\OpenCmd.h(11,7): error C3668: 'OpenCmd::execute': method with override specifier 'override' did not override any base class methods
D:\УНИ\2 сем\ООП\proekt\BankSystem2\Commands\EmployeeCommands\TasksCmd.h(4,24): error C2504: 'Command': base class undefined
D:\УНИ\2 сем\ООП\proekt\BankSystem2\Commands\EmployeeCommands\TasksCmd.h(10,7): error C3668: 'TasksCmd::execute': method with override specifier 'override' did not override any base class methods
D:\УНИ\2 сем\ООП\proekt\BankSystem2\Commands\EmployeeCommands\ApproveCmd.h(4,27): error C2504: 'Command': base class undefined
D:\УНИ\2 сем\ООП\proekt\BankSystem2\Commands\EmployeeCommands\ApproveCmd.h(11,7): error C3668: 'ApproveCmd::execute': method with override specifier 'override' did not override any base class methods
  System.cpp
D:\УНИ\2 сем\ООП\proekt\BankSystem2\Bank\Bank.h(28,52): error C2059: syntax error: ')'
D:\УНИ\2 сем\ООП\proekt\BankSystem2\Bank\Bank.h(28,53): error C2143: syntax error: missing ')' before ';'
  Task.cpp
D:\УНИ\2 сем\ООП\proekt\BankSystem2\Employee\Employee.h(10,25): error C2065: 'Task': undeclared identifier
D:\УНИ\2 сем\ООП\proekt\BankSystem2\Employee\Employee.h(10,9): error C2923: 'Polymorphic_Ptr': 'Task' is not a valid template type argument for parameter 'T'
D:\УНИ\2 сем\ООП\proekt\BankSystem2\Employee\Employee.h(10,25): message : see declaration of 'Task'
D:\УНИ\2 сем\ООП\proekt\BankSystem2\Employee\Employee.h(10,9): error C3203: 'Polymorphic_Ptr': unspecialized class template can't be used as a template argument for template parameter 'T', expected a real type
D:\УНИ\2 сем\ООП\proekt\BankSystem2\Employee\Employee.h(17,37): error C2065: 'Task': undeclared identifier
D:\УНИ\2 сем\ООП\proekt\BankSystem2\Employee\Employee.h(17,21): error C2923: 'Polymorphic_Ptr': 'Task' is not a valid template type argument for parameter 'T'
D:\УНИ\2 сем\ООП\proekt\BankSystem2\Employee\Employee.h(17,37): message : see declaration of 'Task'
D:\УНИ\2 сем\ООП\proekt\BankSystem2\Task\OpenTask.h(5,25): error C2504: 'Task': base class undefined
D:\УНИ\2 сем\ООП\proekt\BankSystem2\Task\OpenTask.h(8,10): error C4430: missing type specifier - int assumed. Note: C++ does not support default-int
D:\УНИ\2 сем\ООП\proekt\BankSystem2\Task\OpenTask.h(8,31): error C2143: syntax error: missing ',' before '&'
D:\УНИ\2 сем\ООП\proekt\BankSystem2\Task\OpenTask.h(12,11): error C3646: 'getType': unknown override specifier
D:\УНИ\2 сем\ООП\proekt\BankSystem2\Task\OpenTask.h(12,18): error C2059: syntax error: '('
D:\УНИ\2 сем\ООП\proekt\BankSystem2\Task\OpenTask.h(12,34): error C2238: unexpected token(s) preceding ';'
D:\УНИ\2 сем\ООП\proekt\BankSystem2\Task\OpenTask.h(13,6): error C2143: syntax error: missing ';' before '*'
D:\УНИ\2 сем\ООП\proekt\BankSystem2\Task\OpenTask.h(13,6): error C4430: missing type specifier - int assumed. Note: C++ does not support default-int
D:\УНИ\2 сем\ООП\proekt\BankSystem2\Task\OpenTask.h(13,31): error C2334: unexpected token(s) preceding '{'; skipping apparent function body
D:\УНИ\2 сем\ООП\proekt\BankSystem2\Task\OpenTask.h(9,7): error C3668: 'OpenTask::print': method with override specifier 'override' did not override any base class methods
D:\УНИ\2 сем\ООП\proekt\BankSystem2\Task\OpenTask.h(10,7): error C3668: 'OpenTask::view': method with override specifier 'override' did not override any base class methods
D:\УНИ\2 сем\ООП\proekt\BankSystem2\Task\OpenTask.h(11,7): error C3668: 'OpenTask::execute': method with override specifier 'override' did not override any base class methods
D:\УНИ\2 сем\ООП\proekt\BankSystem2\Task\OpenTask.h(8,47): error C2065: 'cl': undeclared identifier
D:\УНИ\2 сем\ООП\proekt\BankSystem2\Task\OpenTask.h(8,38): error C2614: 'OpenTask': illegal member initialization: 'Task' is not a base or member
D:\УНИ\2 сем\ООП\proekt\BankSystem2\Task\ChangeTask.h(3,26): error C2504: 'Task': base class undefined
D:\УНИ\2 сем\ООП\proekt\BankSystem2\Task\ChangeTask.h(10,12): error C4430: missing type specifier - int assumed. Note: C++ does not support default-int
D:\УНИ\2 сем\ООП\proekt\BankSystem2\Task\ChangeTask.h(10,33): error C2143: syntax error: missing ',' before '&'
D:\УНИ\2 сем\ООП\proekt\BankSystem2\Task\ChangeTask.h(20,11): error C3646: 'getType': unknown override specifier
D:\УНИ\2 сем\ООП\proekt\BankSystem2\Task\ChangeTask.h(20,18): error C2059: syntax error: '('
D:\УНИ\2 сем\ООП\proekt\BankSystem2\Task\ChangeTask.h(20,34): error C2238: unexpected token(s) preceding ';'
D:\УНИ\2 сем\ООП\proekt\BankSystem2\Task\ChangeTask.h(21,6): error C2143: syntax error: missing ';' before '*'
D:\УНИ\2 сем\ООП\proekt\BankSystem2\Task\ChangeTask.h(21,6): error C4430: missing type specifier - int assumed. Note: C++ does not support default-int
D:\УНИ\2 сем\ООП\proekt\BankSystem2\Task\ChangeTask.h(21,31): error C2334: unexpected token(s) preceding '{'; skipping apparent function body
D:\УНИ\2 сем\ООП\proekt\BankSystem2\Task\ChangeTask.h(16,7): error C3668: 'ChangeTask::print': method with override specifier 'override' did not override any base class methods
D:\УНИ\2 сем\ООП\proekt\BankSystem2\Task\ChangeTask.h(17,7): error C3668: 'ChangeTask::view': method with override specifier 'override' did not override any base class methods
D:\УНИ\2 сем\ООП\proekt\BankSystem2\Task\ChangeTask.h(19,7): error C3668: 'ChangeTask::execute': method with override specifier 'override' did not override any base class methods
D:\УНИ\2 сем\ООП\proekt\BankSystem2\Task\ChangeTask.h(11,25): error C2065: 'cl': undeclared identifier
D:\УНИ\2 сем\ООП\proekt\BankSystem2\Task\ChangeTask.h(11,16): error C2614: 'ChangeTask': illegal member initialization: 'Task' is not a base or member
D:\УНИ\2 сем\ООП\proekt\BankSystem2\Task\CloseTask.h(4,25): error C2504: 'Task': base class undefined
D:\УНИ\2 сем\ООП\proekt\BankSystem2\Task\CloseTask.h(9,11): error C4430: missing type specifier - int assumed. Note: C++ does not support default-int
D:\УНИ\2 сем\ООП\proekt\BankSystem2\Task\CloseTask.h(9,32): error C2143: syntax error: missing ',' before '&'
D:\УНИ\2 сем\ООП\proekt\BankSystem2\Task\CloseTask.h(11,11): error C3646: 'getType': unknown override specifier
D:\УНИ\2 сем\ООП\proekt\BankSystem2\Task\CloseTask.h(11,18): error C2059: syntax error: '('
D:\УНИ\2 сем\ООП\proekt\BankSystem2\Task\CloseTask.h(11,34): error C2238: unexpected token(s) preceding ';'
D:\УНИ\2 сем\ООП\proekt\BankSystem2\Task\CloseTask.h(12,6): error C2143: syntax error: missing ';' before '*'
D:\УНИ\2 сем\ООП\proekt\BankSystem2\Task\CloseTask.h(12,6): error C4430: missing type specifier - int assumed. Note: C++ does not support default-int
D:\УНИ\2 сем\ООП\proekt\BankSystem2\Task\CloseTask.h(12,31): error C2334: unexpected token(s) preceding '{'; skipping apparent function body
D:\УНИ\2 сем\ООП\proekt\BankSystem2\Task\CloseTask.h(7,7): error C3668: 'CloseTask::print': method with override specifier 'override' did not override any base class methods
D:\УНИ\2 сем\ООП\proekt\BankSystem2\Task\CloseTask.h(8,7): error C3668: 'CloseTask::view': method with override specifier 'override' did not override any base class methods
D:\УНИ\2 сем\ООП\proekt\BankSystem2\Task\CloseTask.h(10,7): error C3668: 'CloseTask::execute': method with override specifier 'override' did not override any base class methods
D:\УНИ\2 сем\ООП\proekt\BankSystem2\Task\CloseTask.h(9,48): error C2065: 'cl': undeclared identifier
D:\УНИ\2 сем\ООП\proekt\BankSystem2\Task\CloseTask.h(9,39): error C2614: 'CloseTask': illegal member initialization: 'Task' is not a base or member
D:\УНИ\2 сем\ООП\proekt\BankSystem2\Bank\Bank.h(21,25): error C2065: 'Task': undeclared identifier
D:\УНИ\2 сем\ООП\proekt\BankSystem2\Bank\Bank.h(21,9): error C2923: 'Polymorphic_Ptr': 'Task' is not a valid template type argument for parameter 'T'
D:\УНИ\2 сем\ООП\proekt\BankSystem2\Bank\Bank.h(21,25): message : see declaration of 'Task'
D:\УНИ\2 сем\ООП\proekt\BankSystem2\Bank\Bank.h(21,9): error C3203: 'Polymorphic_Ptr': unspecialized class template can't be used as a template argument for template parameter 'T', expected a real type
D:\УНИ\2 сем\ООП\proekt\BankSystem2\Bank\Bank.h(26,18): error C2065: 'Task': undeclared identifier
D:\УНИ\2 сем\ООП\proekt\BankSystem2\Bank\Bank.h(26,2): error C2923: 'Polymorphic_Ptr': 'Task' is not a valid template type argument for parameter 'T'
D:\УНИ\2 сем\ООП\proekt\BankSystem2\Bank\Bank.h(26,18): message : see declaration of 'Task'
D:\УНИ\2 сем\ООП\proekt\BankSystem2\Bank\Bank.h(27,18): error C2065: 'Task': undeclared identifier
D:\УНИ\2 сем\ООП\proekt\BankSystem2\Bank\Bank.h(27,2): error C2923: 'Polymorphic_Ptr': 'Task' is not a valid template type argument for parameter 'T'
D:\УНИ\2 сем\ООП\proekt\BankSystem2\Bank\Bank.h(27,18): message : see declaration of 'Task'
D:\УНИ\2 сем\ООП\proekt\BankSystem2\Bank\Bank.h(28,18): error C2065: 'Task': undeclared identifier
D:\УНИ\2 сем\ООП\proekt\BankSystem2\Bank\Bank.h(28,2): error C2923: 'Polymorphic_Ptr': 'Task' is not a valid template type argument for parameter 'T'
D:\УНИ\2 сем\ООП\proekt\BankSystem2\Bank\Bank.h(28,18): message : see declaration of 'Task'
D:\УНИ\2 сем\ООП\proekt\BankSystem2\Bank\Bank.h(28,52): error C2059: syntax error: ')'
D:\УНИ\2 сем\ООП\proekt\BankSystem2\Bank\Bank.h(28,53): error C2143: syntax error: missing ')' before ';'
D:\УНИ\2 сем\ООП\proekt\BankSystem2\Bank\Bank.h(29,38): error C2065: 'Task': undeclared identifier
D:\УНИ\2 сем\ООП\proekt\BankSystem2\Bank\Bank.h(29,22): error C2923: 'Polymorphic_Ptr': 'Task' is not a valid template type argument for parameter 'T'
D:\УНИ\2 сем\ООП\proekt\BankSystem2\Bank\Bank.h(29,38): message : see declaration of 'Task'
D:\УНИ\2 сем\ООП\proekt\BankSystem2\Bank\Bank.h(32,31): error C2065: 'Task': undeclared identifier
D:\УНИ\2 сем\ООП\proekt\BankSystem2\Bank\Bank.h(32,15): error C2923: 'Polymorphic_Ptr': 'Task' is not a valid template type argument for parameter 'T'
D:\УНИ\2 сем\ООП\proekt\BankSystem2\Bank\Bank.h(32,31): message : see declaration of 'Task'
D:\УНИ\2 сем\ООП\proekt\BankSystem2\Bank\Bank.h(32,15): error C3203: 'Polymorphic_Ptr': unspecialized class template can't be used as a template argument for template parameter 'T', expected a real type
D:\УНИ\2 сем\ООП\proekt\BankSystem2\User\UserFactory.h(9,26): error C2027: use of undefined type 'Client'
D:\УНИ\2 сем\ООП\proekt\BankSystem2\Bank\Bank.h(12,7): message : see declaration of 'Client'
D:\УНИ\2 сем\ООП\proekt\BankSystem2\Commands\ClientCommands\OpenCmd.h(8,9): error C2079: 'OpenCmd::c' uses undefined class 'Client'
  TasksCmd.cpp
D:\УНИ\2 сем\ООП\proekt\BankSystem2\Task\Task.h(18,9): error C2079: 'Task::client' uses undefined class 'Client'
D:\УНИ\2 сем\ООП\proekt\BankSystem2\Task\Task.h(22,48): error C2027: use of undefined type 'Client'
D:\УНИ\2 сем\ООП\proekt\BankSystem2\Task\Task.h(5,7): message : see declaration of 'Client'
D:\УНИ\2 сем\ООП\proekt\BankSystem2\Task\Task.h(22,6): error C2439: 'Task::client': member could not be initialized
D:\УНИ\2 сем\ООП\proekt\BankSystem2\Task\Task.h(18,9): message : see declaration of 'Task::client'
D:\УНИ\2 сем\ООП\proekt\BankSystem2\Task\Task.h(37,9): error C2027: use of undefined type 'Client'
D:\УНИ\2 сем\ООП\proekt\BankSystem2\Task\Task.h(5,7): message : see declaration of 'Client'
D:\УНИ\2 сем\ООП\proekt\BankSystem2\Bank\Bank.h(28,52): error C2059: syntax error: ')'
D:\УНИ\2 сем\ООП\proekt\BankSystem2\Bank\Bank.h(28,53): error C2143: syntax error: missing ')' before ';'
D:\УНИ\2 сем\ООП\proekt\BankSystem2\User\UserFactory.h(9,26): error C2027: use of undefined type 'Client'
D:\УНИ\2 сем\ООП\proekt\BankSystem2\Bank\Bank.h(12,7): message : see declaration of 'Client'
D:\УНИ\2 сем\ООП\proekt\BankSystem2\Commands\ClientCommands\OpenCmd.h(4,23): error C2504: 'Command': base class undefined
D:\УНИ\2 сем\ООП\proekt\BankSystem2\Commands\ClientCommands\OpenCmd.h(8,9): error C2079: 'OpenCmd::c' uses undefined class 'Client'
D:\УНИ\2 сем\ООП\proekt\BankSystem2\Commands\ClientCommands\OpenCmd.h(11,7): error C3668: 'OpenCmd::execute': method with override specifier 'override' did not override any base class methods
D:\УНИ\2 сем\ООП\proekt\BankSystem2\Commands\EmployeeCommands\ApproveCmd.h(4,27): error C2504: 'Command': base class undefined
D:\УНИ\2 сем\ООП\proekt\BankSystem2\Commands\EmployeeCommands\ApproveCmd.h(11,7): error C3668: 'ApproveCmd::execute': method with override specifier 'override' did not override any base class methods
  ThirdPartyEmployee.cpp
D:\УНИ\2 сем\ООП\proekt\BankSystem2\Bank\Bank.h(28,52): error C2059: syntax error: ')'
D:\УНИ\2 сем\ООП\proekt\BankSystem2\Bank\Bank.h(28,53): error C2143: syntax error: missing ')' before ';'
D:\УНИ\2 сем\ООП\proekt\BankSystem2\User\UserFactory.h(15,24): error C2143: syntax error: missing ';' before '*'
D:\УНИ\2 сем\ООП\proekt\BankSystem2\User\UserFactory.h(15,24): error C4430: missing type specifier - int assumed. Note: C++ does not support default-int
D:\УНИ\2 сем\ООП\proekt\BankSystem2\User\UserFactory.h(16,6): error C2334: unexpected token(s) preceding '{'; skipping apparent function body
  User.cpp
  UserFactory.cpp
D:\УНИ\2 сем\ООП\proekt\BankSystem2\Task\Task.h(18,9): error C2079: 'Task::client' uses undefined class 'Client'
D:\УНИ\2 сем\ООП\proekt\BankSystem2\Task\Task.h(22,48): error C2027: use of undefined type 'Client'
D:\УНИ\2 сем\ООП\proekt\BankSystem2\Task\Task.h(5,7): message : see declaration of 'Client'
D:\УНИ\2 сем\ООП\proekt\BankSystem2\Task\Task.h(22,6): error C2439: 'Task::client': member could not be initialized
D:\УНИ\2 сем\ООП\proekt\BankSystem2\Task\Task.h(18,9): message : see declaration of 'Task::client'
D:\УНИ\2 сем\ООП\proekt\BankSystem2\Task\Task.h(37,9): error C2027: use of undefined type 'Client'
D:\УНИ\2 сем\ООП\proekt\BankSystem2\Task\Task.h(5,7): message : see declaration of 'Client'
D:\УНИ\2 сем\ООП\proekt\BankSystem2\Bank\Bank.h(28,52): error C2059: syntax error: ')'
D:\УНИ\2 сем\ООП\proekt\BankSystem2\Bank\Bank.h(28,53): error C2143: syntax error: missing ')' before ';'
D:\УНИ\2 сем\ООП\proekt\BankSystem2\Commands\ClientCommands\OpenCmd.h(8,9): error C2079: 'OpenCmd::c' uses undefined class 'Client'
  ValidateCmd.cpp
D:\УНИ\2 сем\ООП\proekt\BankSystem2\Task\Task.h(18,9): error C2079: 'Task::client' uses undefined class 'Client'
D:\УНИ\2 сем\ООП\proekt\BankSystem2\Task\Task.h(22,48): error C2027: use of undefined type 'Client'
D:\УНИ\2 сем\ООП\proekt\BankSystem2\Task\Task.h(5,7): message : see declaration of 'Client'
D:\УНИ\2 сем\ООП\proekt\BankSystem2\Task\Task.h(22,6): error C2439: 'Task::client': member could not be initialized
D:\УНИ\2 сем\ООП\proekt\BankSystem2\Task\Task.h(18,9): message : see declaration of 'Task::client'
D:\УНИ\2 сем\ООП\proekt\BankSystem2\Task\Task.h(37,9): error C2027: use of undefined type 'Client'
D:\УНИ\2 сем\ООП\proekt\BankSystem2\Task\Task.h(5,7): message : see declaration of 'Client'
D:\УНИ\2 сем\ООП\proekt\BankSystem2\Bank\Bank.h(28,52): error C2059: syntax error: ')'
D:\УНИ\2 сем\ООП\proekt\BankSystem2\Bank\Bank.h(28,53): error C2143: syntax error: missing ')' before ';'
D:\УНИ\2 сем\ООП\proekt\BankSystem2\User\UserFactory.h(9,26): error C2027: use of undefined type 'Client'
D:\УНИ\2 сем\ООП\proekt\BankSystem2\Bank\Bank.h(12,7): message : see declaration of 'Client'
D:\УНИ\2 сем\ООП\proekt\BankSystem2\Commands\ClientCommands\OpenCmd.h(4,23): error C2504: 'Command': base class undefined
D:\УНИ\2 сем\ООП\proekt\BankSystem2\Commands\ClientCommands\OpenCmd.h(8,9): error C2079: 'OpenCmd::c' uses undefined class 'Client'
D:\УНИ\2 сем\ООП\proekt\BankSystem2\Commands\ClientCommands\OpenCmd.h(11,7): error C3668: 'OpenCmd::execute': method with override specifier 'override' did not override any base class methods
D:\УНИ\2 сем\ООП\proekt\BankSystem2\Commands\EmployeeCommands\TasksCmd.h(4,24): error C2504: 'Command': base class undefined
D:\УНИ\2 сем\ООП\proekt\BankSystem2\Commands\EmployeeCommands\TasksCmd.h(10,7): error C3668: 'TasksCmd::execute': method with override specifier 'override' did not override any base class methods
D:\УНИ\2 сем\ООП\proekt\BankSystem2\Commands\EmployeeCommands\ApproveCmd.h(4,27): error C2504: 'Command': base class undefined
D:\УНИ\2 сем\ООП\proekt\BankSystem2\Commands\EmployeeCommands\ApproveCmd.h(11,7): error C3668: 'ApproveCmd::execute': method with override specifier 'override' did not override any base class methods
  ViewCmd.cpp
D:\УНИ\2 сем\ООП\proekt\BankSystem2\Task\Task.h(18,9): error C2079: 'Task::client' uses undefined class 'Client'
D:\УНИ\2 сем\ООП\proekt\BankSystem2\Task\Task.h(22,48): error C2027: use of undefined type 'Client'
D:\УНИ\2 сем\ООП\proekt\BankSystem2\Task\Task.h(5,7): message : see declaration of 'Client'
D:\УНИ\2 сем\ООП\proekt\BankSystem2\Task\Task.h(22,6): error C2439: 'Task::client': member could not be initialized
D:\УНИ\2 сем\ООП\proekt\BankSystem2\Task\Task.h(18,9): message : see declaration of 'Task::client'
D:\УНИ\2 сем\ООП\proekt\BankSystem2\Task\Task.h(37,9): error C2027: use of undefined type 'Client'
D:\УНИ\2 сем\ООП\proekt\BankSystem2\Task\Task.h(5,7): message : see declaration of 'Client'
D:\УНИ\2 сем\ООП\proekt\BankSystem2\Bank\Bank.h(28,52): error C2059: syntax error: ')'
D:\УНИ\2 сем\ООП\proekt\BankSystem2\Bank\Bank.h(28,53): error C2143: syntax error: missing ')' before ';'
D:\УНИ\2 сем\ООП\proekt\BankSystem2\User\UserFactory.h(9,26): error C2027: use of undefined type 'Client'
D:\УНИ\2 сем\ООП\proekt\BankSystem2\Bank\Bank.h(12,7): message : see declaration of 'Client'
D:\УНИ\2 сем\ООП\proekt\BankSystem2\Commands\ClientCommands\OpenCmd.h(4,23): error C2504: 'Command': base class undefined
D:\УНИ\2 сем\ООП\proekt\BankSystem2\Commands\ClientCommands\OpenCmd.h(8,9): error C2079: 'OpenCmd::c' uses undefined class 'Client'
D:\УНИ\2 сем\ООП\proekt\BankSystem2\Commands\ClientCommands\OpenCmd.h(11,7): error C3668: 'OpenCmd::execute': method with override specifier 'override' did not override any base class methods
D:\УНИ\2 сем\ООП\proekt\BankSystem2\Commands\EmployeeCommands\TasksCmd.h(4,24): error C2504: 'Command': base class undefined
D:\УНИ\2 сем\ООП\proekt\BankSystem2\Commands\EmployeeCommands\TasksCmd.h(10,7): error C3668: 'TasksCmd::execute': method with override specifier 'override' did not override any base class methods
D:\УНИ\2 сем\ООП\proekt\BankSystem2\Commands\EmployeeCommands\ApproveCmd.h(4,27): error C2504: 'Command': base class undefined
D:\УНИ\2 сем\ООП\proekt\BankSystem2\Commands\EmployeeCommands\ApproveCmd.h(11,7): error C3668: 'ApproveCmd::execute': method with override specifier 'override' did not override any base class methods
  WhoAmICmd.cpp
D:\УНИ\2 сем\ООП\proekt\BankSystem2\Task\Task.h(18,9): error C2079: 'Task::client' uses undefined class 'Client'
D:\УНИ\2 сем\ООП\proekt\BankSystem2\Task\Task.h(22,48): error C2027: use of undefined type 'Client'
D:\УНИ\2 сем\ООП\proekt\BankSystem2\Task\Task.h(5,7): message : see declaration of 'Client'
D:\УНИ\2 сем\ООП\proekt\BankSystem2\Task\Task.h(22,6): error C2439: 'Task::client': member could not be initialized
D:\УНИ\2 сем\ООП\proekt\BankSystem2\Task\Task.h(18,9): message : see declaration of 'Task::client'
D:\УНИ\2 сем\ООП\proekt\BankSystem2\Task\Task.h(37,9): error C2027: use of undefined type 'Client'
D:\УНИ\2 сем\ООП\proekt\BankSystem2\Task\Task.h(5,7): message : see declaration of 'Client'
D:\УНИ\2 сем\ООП\proekt\BankSystem2\Bank\Bank.h(28,52): error C2059: syntax error: ')'
D:\УНИ\2 сем\ООП\proekt\BankSystem2\Bank\Bank.h(28,53): error C2143: syntax error: missing ')' before ';'
D:\УНИ\2 сем\ООП\proekt\BankSystem2\User\UserFactory.h(9,26): error C2027: use of undefined type 'Client'
D:\УНИ\2 сем\ООП\proekt\BankSystem2\Bank\Bank.h(12,7): message : see declaration of 'Client'
D:\УНИ\2 сем\ООП\proekt\BankSystem2\Commands\ClientCommands\OpenCmd.h(4,23): error C2504: 'Command': base class undefined
D:\УНИ\2 сем\ООП\proekt\BankSystem2\Commands\ClientCommands\OpenCmd.h(8,9): error C2079: 'OpenCmd::c' uses undefined class 'Client'
D:\УНИ\2 сем\ООП\proekt\BankSystem2\Commands\ClientCommands\OpenCmd.h(11,7): error C3668: 'OpenCmd::execute': method with override specifier 'override' did not override any base class methods
D:\УНИ\2 сем\ООП\proekt\BankSystem2\Commands\EmployeeCommands\TasksCmd.h(4,24): error C2504: 'Command': base class undefined
D:\УНИ\2 сем\ООП\proekt\BankSystem2\Commands\EmployeeCommands\TasksCmd.h(10,7): error C3668: 'TasksCmd::execute': method with override specifier 'override' did not override any base class methods
D:\УНИ\2 сем\ООП\proekt\BankSystem2\Commands\EmployeeCommands\ApproveCmd.h(4,27): error C2504: 'Command': base class undefined
D:\УНИ\2 сем\ООП\proekt\BankSystem2\Commands\EmployeeCommands\ApproveCmd.h(11,7): error C3668: 'ApproveCmd::execute': method with override specifier 'override' did not override any base class methods
  Generating Code...
